{"C:\\Users\\rdan6\\star-dashborg\\src\\data\\oracles.js": {"path":"C:\\Users\\rdan6\\star-dashborg\\src\\data\\oracles.js","statementMap":{"0":{"start":{"line":30,"column":27},"end":{"line":198,"column":1}},"1":{"start":{"line":204,"column":33},"end":{"line":255,"column":1}},"2":{"start":{"line":261,"column":28},"end":{"line":454,"column":1}},"3":{"start":{"line":460,"column":34},"end":{"line":498,"column":1}},"4":{"start":{"line":504,"column":26},"end":{"line":546,"column":1}},"5":{"start":{"line":552,"column":27},"end":{"line":640,"column":1}},"6":{"start":{"line":646,"column":32},"end":{"line":721,"column":1}},"7":{"start":{"line":727,"column":28},"end":{"line":779,"column":1}},"8":{"start":{"line":785,"column":24},"end":{"line":803,"column":1}},"9":{"start":{"line":809,"column":30},"end":{"line":841,"column":1}},"10":{"start":{"line":847,"column":32},"end":{"line":922,"column":1}},"11":{"start":{"line":928,"column":26},"end":{"line":949,"column":1}},"12":{"start":{"line":955,"column":31},"end":{"line":971,"column":1}},"13":{"start":{"line":977,"column":29},"end":{"line":986,"column":1}},"14":{"start":{"line":992,"column":31},"end":{"line":1022,"column":1}},"15":{"start":{"line":1030,"column":2},"end":{"line":1030,"column":47}},"16":{"start":{"line":1035,"column":16},"end":{"line":1035,"column":18}},"17":{"start":{"line":1036,"column":2},"end":{"line":1038,"column":3}},"18":{"start":{"line":1036,"column":15},"end":{"line":1036,"column":16}},"19":{"start":{"line":1037,"column":4},"end":{"line":1037,"column":32}},"20":{"start":{"line":1039,"column":2},"end":{"line":1039,"column":15}},"21":{"start":{"line":1044,"column":2},"end":{"line":1046,"column":3}},"22":{"start":{"line":1045,"column":4},"end":{"line":1045,"column":38}},"23":{"start":{"line":1047,"column":2},"end":{"line":1047,"column":57}},"24":{"start":{"line":1052,"column":15},"end":{"line":1052,"column":27}},"25":{"start":{"line":1055,"column":2},"end":{"line":1055,"column":67}},"26":{"start":{"line":1055,"column":18},"end":{"line":1055,"column":67}},"27":{"start":{"line":1056,"column":2},"end":{"line":1056,"column":81}},"28":{"start":{"line":1056,"column":30},"end":{"line":1056,"column":81}},"29":{"start":{"line":1057,"column":2},"end":{"line":1057,"column":81}},"30":{"start":{"line":1057,"column":30},"end":{"line":1057,"column":81}},"31":{"start":{"line":1058,"column":2},"end":{"line":1058,"column":81}},"32":{"start":{"line":1058,"column":30},"end":{"line":1058,"column":81}},"33":{"start":{"line":1059,"column":2},"end":{"line":1059,"column":81}},"34":{"start":{"line":1059,"column":30},"end":{"line":1059,"column":81}},"35":{"start":{"line":1060,"column":2},"end":{"line":1060,"column":85}},"36":{"start":{"line":1060,"column":32},"end":{"line":1060,"column":85}},"37":{"start":{"line":1061,"column":2},"end":{"line":1061,"column":85}},"38":{"start":{"line":1061,"column":32},"end":{"line":1061,"column":85}},"39":{"start":{"line":1062,"column":2},"end":{"line":1062,"column":85}},"40":{"start":{"line":1062,"column":32},"end":{"line":1062,"column":85}},"41":{"start":{"line":1063,"column":2},"end":{"line":1063,"column":85}},"42":{"start":{"line":1063,"column":32},"end":{"line":1063,"column":85}},"43":{"start":{"line":1064,"column":2},"end":{"line":1064,"column":85}},"44":{"start":{"line":1064,"column":32},"end":{"line":1064,"column":85}},"45":{"start":{"line":1065,"column":2},"end":{"line":1065,"column":69}},"46":{"start":{"line":1065,"column":19},"end":{"line":1065,"column":69}},"47":{"start":{"line":1071,"column":19},"end":{"line":1071,"column":31}},"48":{"start":{"line":1072,"column":22},"end":{"line":1072,"column":34}},"49":{"start":{"line":1073,"column":19},"end":{"line":1073,"column":31}},"50":{"start":{"line":1074,"column":23},"end":{"line":1074,"column":35}},"51":{"start":{"line":1075,"column":19},"end":{"line":1075,"column":31}},"52":{"start":{"line":1076,"column":23},"end":{"line":1076,"column":34}},"53":{"start":{"line":1078,"column":2},"end":{"line":1092,"column":4}},"54":{"start":{"line":1099,"column":20},"end":{"line":1099,"column":32}},"55":{"start":{"line":1100,"column":16},"end":{"line":1100,"column":37}},"56":{"start":{"line":1101,"column":18},"end":{"line":1101,"column":29}},"57":{"start":{"line":1103,"column":22},"end":{"line":1103,"column":26}},"58":{"start":{"line":1104,"column":2},"end":{"line":1114,"column":3}},"59":{"start":{"line":1106,"column":23},"end":{"line":1106,"column":35}},"60":{"start":{"line":1107,"column":25},"end":{"line":1107,"column":47}},"61":{"start":{"line":1108,"column":18},"end":{"line":1108,"column":81}},"62":{"start":{"line":1109,"column":4},"end":{"line":1113,"column":6}},"63":{"start":{"line":1116,"column":2},"end":{"line":1122,"column":4}},"64":{"start":{"line":1127,"column":19},"end":{"line":1127,"column":65}},"65":{"start":{"line":1128,"column":20},"end":{"line":1128,"column":67}},"66":{"start":{"line":1129,"column":19},"end":{"line":1129,"column":65}},"67":{"start":{"line":1130,"column":21},"end":{"line":1130,"column":69}},"68":{"start":{"line":1132,"column":2},"end":{"line":1141,"column":4}},"69":{"start":{"line":1146,"column":21},"end":{"line":1146,"column":68}},"70":{"start":{"line":1147,"column":21},"end":{"line":1147,"column":67}},"71":{"start":{"line":1149,"column":2},"end":{"line":1154,"column":4}},"72":{"start":{"line":1159,"column":22},"end":{"line":1159,"column":64}},"73":{"start":{"line":1160,"column":19},"end":{"line":1160,"column":65}},"74":{"start":{"line":1161,"column":19},"end":{"line":1161,"column":65}},"75":{"start":{"line":1162,"column":20},"end":{"line":1162,"column":67}},"76":{"start":{"line":1164,"column":2},"end":{"line":1173,"column":4}},"77":{"start":{"line":1180,"column":2},"end":{"line":1189,"column":3}},"78":{"start":{"line":1182,"column":19},"end":{"line":1182,"column":42}},"79":{"start":{"line":1183,"column":4},"end":{"line":1183,"column":27}},"80":{"start":{"line":1186,"column":22},"end":{"line":1186,"column":65}},"81":{"start":{"line":1187,"column":23},"end":{"line":1187,"column":64}},"82":{"start":{"line":1188,"column":4},"end":{"line":1188,"column":40}},"83":{"start":{"line":1192,"column":19},"end":{"line":1192,"column":55}},"84":{"start":{"line":1193,"column":22},"end":{"line":1193,"column":60}},"85":{"start":{"line":1194,"column":25},"end":{"line":1194,"column":67}},"86":{"start":{"line":1195,"column":21},"end":{"line":1195,"column":59}},"87":{"start":{"line":1196,"column":20},"end":{"line":1196,"column":57}},"88":{"start":{"line":1197,"column":23},"end":{"line":1197,"column":62}},"89":{"start":{"line":1199,"column":2},"end":{"line":1213,"column":4}},"90":{"start":{"line":1218,"column":22},"end":{"line":1218,"column":65}},"91":{"start":{"line":1219,"column":22},"end":{"line":1219,"column":65}},"92":{"start":{"line":1220,"column":20},"end":{"line":1220,"column":61}},"93":{"start":{"line":1221,"column":25},"end":{"line":1221,"column":71}},"94":{"start":{"line":1222,"column":22},"end":{"line":1222,"column":65}},"95":{"start":{"line":1223,"column":19},"end":{"line":1223,"column":59}},"96":{"start":{"line":1225,"column":2},"end":{"line":1238,"column":4}},"97":{"start":{"line":1243,"column":25},"end":{"line":1243,"column":75}},"98":{"start":{"line":1244,"column":23},"end":{"line":1244,"column":71}},"99":{"start":{"line":1245,"column":27},"end":{"line":1245,"column":79}},"100":{"start":{"line":1246,"column":27},"end":{"line":1246,"column":79}},"101":{"start":{"line":1247,"column":21},"end":{"line":1247,"column":67}},"102":{"start":{"line":1248,"column":23},"end":{"line":1248,"column":71}},"103":{"start":{"line":1249,"column":21},"end":{"line":1249,"column":67}},"104":{"start":{"line":1250,"column":22},"end":{"line":1250,"column":69}},"105":{"start":{"line":1251,"column":25},"end":{"line":1251,"column":76}},"106":{"start":{"line":1252,"column":25},"end":{"line":1252,"column":76}},"107":{"start":{"line":1254,"column":17},"end":{"line":1254,"column":71}},"108":{"start":{"line":1255,"column":17},"end":{"line":1255,"column":71}},"109":{"start":{"line":1259,"column":2},"end":{"line":1268,"column":3}},"110":{"start":{"line":1261,"column":19},"end":{"line":1261,"column":45}},"111":{"start":{"line":1262,"column":4},"end":{"line":1262,"column":27}},"112":{"start":{"line":1267,"column":4},"end":{"line":1267,"column":81}},"113":{"start":{"line":1270,"column":2},"end":{"line":1290,"column":4}},"114":{"start":{"line":1295,"column":23},"end":{"line":1295,"column":66}},"115":{"start":{"line":1296,"column":19},"end":{"line":1296,"column":58}},"116":{"start":{"line":1297,"column":23},"end":{"line":1297,"column":66}},"117":{"start":{"line":1299,"column":2},"end":{"line":1306,"column":4}},"118":{"start":{"line":1313,"column":20},"end":{"line":1313,"column":32}},"119":{"start":{"line":1314,"column":16},"end":{"line":1314,"column":37}},"120":{"start":{"line":1315,"column":18},"end":{"line":1315,"column":29}},"121":{"start":{"line":1317,"column":24},"end":{"line":1317,"column":28}},"122":{"start":{"line":1318,"column":2},"end":{"line":1327,"column":3}},"123":{"start":{"line":1319,"column":22},"end":{"line":1319,"column":61}},"124":{"start":{"line":1320,"column":22},"end":{"line":1320,"column":61}},"125":{"start":{"line":1321,"column":4},"end":{"line":1326,"column":6}},"126":{"start":{"line":1329,"column":2},"end":{"line":1335,"column":4}},"127":{"start":{"line":1341,"column":19},"end":{"line":1341,"column":31}},"128":{"start":{"line":1342,"column":19},"end":{"line":1342,"column":31}},"129":{"start":{"line":1343,"column":23},"end":{"line":1343,"column":35}},"130":{"start":{"line":1344,"column":21},"end":{"line":1344,"column":33}},"131":{"start":{"line":1347,"column":24},"end":{"line":1347,"column":36}},"132":{"start":{"line":1348,"column":22},"end":{"line":1348,"column":47}},"133":{"start":{"line":1349,"column":28},"end":{"line":1349,"column":45}},"134":{"start":{"line":1351,"column":2},"end":{"line":1364,"column":4}},"135":{"start":{"line":1369,"column":17},"end":{"line":1369,"column":64}},"136":{"start":{"line":1370,"column":17},"end":{"line":1370,"column":64}},"137":{"start":{"line":1371,"column":2},"end":{"line":1371,"column":31}},"138":{"start":{"line":1376,"column":20},"end":{"line":1376,"column":31}},"139":{"start":{"line":1377,"column":26},"end":{"line":1377,"column":37}},"140":{"start":{"line":1378,"column":23},"end":{"line":1378,"column":34}},"141":{"start":{"line":1379,"column":21},"end":{"line":1379,"column":72}},"142":{"start":{"line":1380,"column":21},"end":{"line":1380,"column":72}},"143":{"start":{"line":1382,"column":2},"end":{"line":1392,"column":4}},"144":{"start":{"line":1397,"column":19},"end":{"line":1397,"column":64}},"145":{"start":{"line":1398,"column":19},"end":{"line":1398,"column":64}},"146":{"start":{"line":1399,"column":19},"end":{"line":1399,"column":64}},"147":{"start":{"line":1400,"column":19},"end":{"line":1400,"column":64}},"148":{"start":{"line":1402,"column":2},"end":{"line":1411,"column":4}},"149":{"start":{"line":1416,"column":19},"end":{"line":1416,"column":67}},"150":{"start":{"line":1417,"column":19},"end":{"line":1417,"column":67}},"151":{"start":{"line":1418,"column":19},"end":{"line":1418,"column":67}},"152":{"start":{"line":1419,"column":19},"end":{"line":1419,"column":67}},"153":{"start":{"line":1421,"column":2},"end":{"line":1430,"column":4}},"154":{"start":{"line":1435,"column":19},"end":{"line":1435,"column":62}},"155":{"start":{"line":1436,"column":21},"end":{"line":1436,"column":67}},"156":{"start":{"line":1437,"column":21},"end":{"line":1437,"column":70}},"157":{"start":{"line":1438,"column":19},"end":{"line":1438,"column":65}},"158":{"start":{"line":1440,"column":2},"end":{"line":1449,"column":4}},"159":{"start":{"line":1454,"column":20},"end":{"line":1454,"column":63}},"160":{"start":{"line":1455,"column":21},"end":{"line":1455,"column":65}},"161":{"start":{"line":1456,"column":2},"end":{"line":1456,"column":41}},"162":{"start":{"line":1465,"column":15},"end":{"line":1465,"column":58}},"163":{"start":{"line":1466,"column":2},"end":{"line":1469,"column":4}},"164":{"start":{"line":1473,"column":15},"end":{"line":1473,"column":54}},"165":{"start":{"line":1474,"column":2},"end":{"line":1477,"column":4}},"166":{"start":{"line":1481,"column":15},"end":{"line":1481,"column":58}},"167":{"start":{"line":1482,"column":2},"end":{"line":1485,"column":4}},"168":{"start":{"line":1490,"column":15},"end":{"line":1490,"column":66}},"169":{"start":{"line":1491,"column":2},"end":{"line":1494,"column":4}},"170":{"start":{"line":1498,"column":15},"end":{"line":1498,"column":66}},"171":{"start":{"line":1499,"column":2},"end":{"line":1502,"column":4}},"172":{"start":{"line":1511,"column":20},"end":{"line":1511,"column":33}},"173":{"start":{"line":1512,"column":21},"end":{"line":1512,"column":34}},"174":{"start":{"line":1513,"column":20},"end":{"line":1513,"column":54}},"175":{"start":{"line":1514,"column":21},"end":{"line":1514,"column":57}},"176":{"start":{"line":1516,"column":2},"end":{"line":1523,"column":4}},"177":{"start":{"line":1528,"column":20},"end":{"line":1528,"column":33}},"178":{"start":{"line":1529,"column":21},"end":{"line":1529,"column":34}},"179":{"start":{"line":1530,"column":20},"end":{"line":1530,"column":57}},"180":{"start":{"line":1531,"column":21},"end":{"line":1531,"column":60}},"181":{"start":{"line":1533,"column":2},"end":{"line":1540,"column":4}},"182":{"start":{"line":1545,"column":15},"end":{"line":1545,"column":34}},"183":{"start":{"line":1546,"column":18},"end":{"line":1546,"column":40}},"184":{"start":{"line":1548,"column":2},"end":{"line":1557,"column":4}},"185":{"start":{"line":1562,"column":20},"end":{"line":1562,"column":33}},"186":{"start":{"line":1563,"column":21},"end":{"line":1563,"column":34}},"187":{"start":{"line":1564,"column":20},"end":{"line":1564,"column":57}},"188":{"start":{"line":1565,"column":21},"end":{"line":1565,"column":60}},"189":{"start":{"line":1567,"column":2},"end":{"line":1574,"column":4}},"190":{"start":{"line":1579,"column":23},"end":{"line":1579,"column":36}},"191":{"start":{"line":1580,"column":19},"end":{"line":1580,"column":58}},"192":{"start":{"line":1582,"column":15},"end":{"line":1586,"column":3}},"193":{"start":{"line":1589,"column":13},"end":{"line":1589,"column":21}},"194":{"start":{"line":1592,"column":2},"end":{"line":1598,"column":3}},"195":{"start":{"line":1593,"column":24},"end":{"line":1593,"column":37}},"196":{"start":{"line":1594,"column":20},"end":{"line":1594,"column":58}},"197":{"start":{"line":1595,"column":4},"end":{"line":1595,"column":37}},"198":{"start":{"line":1596,"column":4},"end":{"line":1596,"column":29}},"199":{"start":{"line":1597,"column":4},"end":{"line":1597,"column":46}},"200":{"start":{"line":1601,"column":2},"end":{"line":1621,"column":3}},"201":{"start":{"line":1602,"column":26},"end":{"line":1602,"column":39}},"202":{"start":{"line":1603,"column":27},"end":{"line":1603,"column":68}},"203":{"start":{"line":1604,"column":4},"end":{"line":1604,"column":41}},"204":{"start":{"line":1606,"column":4},"end":{"line":1618,"column":5}},"205":{"start":{"line":1607,"column":22},"end":{"line":1607,"column":41}},"206":{"start":{"line":1608,"column":6},"end":{"line":1608,"column":42}},"207":{"start":{"line":1609,"column":6},"end":{"line":1609,"column":39}},"208":{"start":{"line":1610,"column":6},"end":{"line":1610,"column":68}},"209":{"start":{"line":1611,"column":11},"end":{"line":1618,"column":5}},"210":{"start":{"line":1612,"column":25},"end":{"line":1612,"column":47}},"211":{"start":{"line":1613,"column":6},"end":{"line":1613,"column":48}},"212":{"start":{"line":1614,"column":6},"end":{"line":1614,"column":42}},"213":{"start":{"line":1615,"column":6},"end":{"line":1615,"column":77}},"214":{"start":{"line":1617,"column":6},"end":{"line":1617,"column":40}},"215":{"start":{"line":1620,"column":4},"end":{"line":1620,"column":57}},"216":{"start":{"line":1624,"column":2},"end":{"line":1630,"column":3}},"217":{"start":{"line":1625,"column":21},"end":{"line":1625,"column":34}},"218":{"start":{"line":1626,"column":17},"end":{"line":1626,"column":48}},"219":{"start":{"line":1627,"column":4},"end":{"line":1627,"column":31}},"220":{"start":{"line":1628,"column":4},"end":{"line":1628,"column":23}},"221":{"start":{"line":1629,"column":4},"end":{"line":1629,"column":40}},"222":{"start":{"line":1633,"column":2},"end":{"line":1639,"column":3}},"223":{"start":{"line":1634,"column":17},"end":{"line":1634,"column":40}},"224":{"start":{"line":1635,"column":19},"end":{"line":1635,"column":50}},"225":{"start":{"line":1635,"column":41},"end":{"line":1635,"column":46}},"226":{"start":{"line":1636,"column":4},"end":{"line":1636,"column":30}},"227":{"start":{"line":1637,"column":4},"end":{"line":1637,"column":27}},"228":{"start":{"line":1638,"column":4},"end":{"line":1638,"column":55}},"229":{"start":{"line":1642,"column":2},"end":{"line":1648,"column":3}},"230":{"start":{"line":1643,"column":26},"end":{"line":1643,"column":39}},"231":{"start":{"line":1644,"column":22},"end":{"line":1644,"column":60}},"232":{"start":{"line":1645,"column":4},"end":{"line":1645,"column":41}},"233":{"start":{"line":1646,"column":4},"end":{"line":1646,"column":33}},"234":{"start":{"line":1647,"column":4},"end":{"line":1647,"column":50}},"235":{"start":{"line":1650,"column":2},"end":{"line":1656,"column":3}},"236":{"start":{"line":1651,"column":21},"end":{"line":1651,"column":34}},"237":{"start":{"line":1652,"column":17},"end":{"line":1652,"column":45}},"238":{"start":{"line":1653,"column":4},"end":{"line":1653,"column":31}},"239":{"start":{"line":1654,"column":4},"end":{"line":1654,"column":23}},"240":{"start":{"line":1655,"column":4},"end":{"line":1655,"column":40}},"241":{"start":{"line":1659,"column":2},"end":{"line":1659,"column":42}},"242":{"start":{"line":1660,"column":2},"end":{"line":1660,"column":60}},"243":{"start":{"line":1662,"column":2},"end":{"line":1662,"column":25}},"244":{"start":{"line":1663,"column":2},"end":{"line":1663,"column":16}},"245":{"start":{"line":1668,"column":23},"end":{"line":1668,"column":36}},"246":{"start":{"line":1669,"column":19},"end":{"line":1669,"column":55}},"247":{"start":{"line":1671,"column":15},"end":{"line":1675,"column":3}},"248":{"start":{"line":1678,"column":13},"end":{"line":1678,"column":21}},"249":{"start":{"line":1681,"column":2},"end":{"line":1687,"column":3}},"250":{"start":{"line":1682,"column":26},"end":{"line":1682,"column":39}},"251":{"start":{"line":1683,"column":22},"end":{"line":1683,"column":60}},"252":{"start":{"line":1684,"column":4},"end":{"line":1684,"column":41}},"253":{"start":{"line":1685,"column":4},"end":{"line":1685,"column":33}},"254":{"start":{"line":1686,"column":4},"end":{"line":1686,"column":50}},"255":{"start":{"line":1690,"column":2},"end":{"line":1711,"column":3}},"256":{"start":{"line":1691,"column":26},"end":{"line":1691,"column":39}},"257":{"start":{"line":1692,"column":27},"end":{"line":1692,"column":65}},"258":{"start":{"line":1693,"column":4},"end":{"line":1693,"column":41}},"259":{"start":{"line":1695,"column":4},"end":{"line":1708,"column":5}},"260":{"start":{"line":1696,"column":25},"end":{"line":1696,"column":47}},"261":{"start":{"line":1697,"column":6},"end":{"line":1697,"column":48}},"262":{"start":{"line":1698,"column":6},"end":{"line":1698,"column":42}},"263":{"start":{"line":1699,"column":6},"end":{"line":1699,"column":77}},"264":{"start":{"line":1700,"column":11},"end":{"line":1708,"column":5}},"265":{"start":{"line":1702,"column":24},"end":{"line":1702,"column":50}},"266":{"start":{"line":1703,"column":6},"end":{"line":1703,"column":44}},"267":{"start":{"line":1704,"column":6},"end":{"line":1704,"column":41}},"268":{"start":{"line":1705,"column":6},"end":{"line":1705,"column":52}},"269":{"start":{"line":1707,"column":6},"end":{"line":1707,"column":40}},"270":{"start":{"line":1710,"column":4},"end":{"line":1710,"column":57}},"271":{"start":{"line":1714,"column":2},"end":{"line":1720,"column":3}},"272":{"start":{"line":1715,"column":21},"end":{"line":1715,"column":34}},"273":{"start":{"line":1716,"column":17},"end":{"line":1716,"column":45}},"274":{"start":{"line":1717,"column":4},"end":{"line":1717,"column":31}},"275":{"start":{"line":1718,"column":4},"end":{"line":1718,"column":23}},"276":{"start":{"line":1719,"column":4},"end":{"line":1719,"column":40}},"277":{"start":{"line":1723,"column":2},"end":{"line":1723,"column":42}},"278":{"start":{"line":1725,"column":2},"end":{"line":1725,"column":25}},"279":{"start":{"line":1726,"column":2},"end":{"line":1726,"column":16}},"280":{"start":{"line":1736,"column":2},"end":{"line":1772,"column":3}},"281":{"start":{"line":1739,"column":27},"end":{"line":1741,"column":40}},"282":{"start":{"line":1740,"column":30},"end":{"line":1740,"column":61}},"283":{"start":{"line":1741,"column":28},"end":{"line":1741,"column":39}},"284":{"start":{"line":1743,"column":24},"end":{"line":1743,"column":70}},"285":{"start":{"line":1744,"column":17},"end":{"line":1744,"column":38}},"286":{"start":{"line":1746,"column":4},"end":{"line":1763,"column":5}},"287":{"start":{"line":1748,"column":6},"end":{"line":1752,"column":8}},"288":{"start":{"line":1755,"column":22},"end":{"line":1755,"column":54}},"289":{"start":{"line":1756,"column":22},"end":{"line":1756,"column":46}},"290":{"start":{"line":1757,"column":6},"end":{"line":1762,"column":8}},"291":{"start":{"line":1766,"column":17},"end":{"line":1766,"column":29}},"292":{"start":{"line":1767,"column":4},"end":{"line":1771,"column":6}},"293":{"start":{"line":1781,"column":16},"end":{"line":1781,"column":18}},"294":{"start":{"line":1784,"column":2},"end":{"line":1786,"column":3}},"295":{"start":{"line":1785,"column":4},"end":{"line":1785,"column":82}},"296":{"start":{"line":1785,"column":48},"end":{"line":1785,"column":78}},"297":{"start":{"line":1789,"column":2},"end":{"line":1791,"column":3}},"298":{"start":{"line":1790,"column":4},"end":{"line":1790,"column":80}},"299":{"start":{"line":1790,"column":48},"end":{"line":1790,"column":76}},"300":{"start":{"line":1794,"column":2},"end":{"line":1794,"column":38}},"301":{"start":{"line":1794,"column":26},"end":{"line":1794,"column":38}},"302":{"start":{"line":1796,"column":15},"end":{"line":1796,"column":37}},"303":{"start":{"line":1797,"column":19},"end":{"line":1797,"column":37}},"304":{"start":{"line":1799,"column":2},"end":{"line":1803,"column":4}}},"fnMap":{"0":{"name":"rollDice","decl":{"start":{"line":1029,"column":16},"end":{"line":1029,"column":24}},"loc":{"start":{"line":1029,"column":32},"end":{"line":1031,"column":1}},"line":1029},"1":{"name":"rollMultipleDice","decl":{"start":{"line":1034,"column":16},"end":{"line":1034,"column":32}},"loc":{"start":{"line":1034,"column":47},"end":{"line":1040,"column":1}},"line":1034},"2":{"name":"rollOnTable","decl":{"start":{"line":1043,"column":16},"end":{"line":1043,"column":27}},"loc":{"start":{"line":1043,"column":35},"end":{"line":1048,"column":1}},"line":1043},"3":{"name":"rollAffirmation","decl":{"start":{"line":1051,"column":16},"end":{"line":1051,"column":31}},"loc":{"start":{"line":1051,"column":34},"end":{"line":1066,"column":1}},"line":1051},"4":{"name":"rollEventOracle","decl":{"start":{"line":1069,"column":16},"end":{"line":1069,"column":31}},"loc":{"start":{"line":1069,"column":34},"end":{"line":1093,"column":1}},"line":1069},"5":{"name":"rollSceneShakeup","decl":{"start":{"line":1098,"column":16},"end":{"line":1098,"column":32}},"loc":{"start":{"line":1098,"column":48},"end":{"line":1123,"column":1}},"line":1098},"6":{"name":"generateMission","decl":{"start":{"line":1126,"column":16},"end":{"line":1126,"column":31}},"loc":{"start":{"line":1126,"column":34},"end":{"line":1142,"column":1}},"line":1126},"7":{"name":"generateQuickMission","decl":{"start":{"line":1145,"column":16},"end":{"line":1145,"column":36}},"loc":{"start":{"line":1145,"column":39},"end":{"line":1155,"column":1}},"line":1145},"8":{"name":"generateVillain","decl":{"start":{"line":1158,"column":16},"end":{"line":1158,"column":31}},"loc":{"start":{"line":1158,"column":34},"end":{"line":1174,"column":1}},"line":1158},"9":{"name":"generateNPC","decl":{"start":{"line":1177,"column":16},"end":{"line":1177,"column":27}},"loc":{"start":{"line":1177,"column":47},"end":{"line":1214,"column":1}},"line":1177},"10":{"name":"generatePlanet","decl":{"start":{"line":1217,"column":16},"end":{"line":1217,"column":30}},"loc":{"start":{"line":1217,"column":33},"end":{"line":1239,"column":1}},"line":1217},"11":{"name":"generateSettlement","decl":{"start":{"line":1242,"column":16},"end":{"line":1242,"column":34}},"loc":{"start":{"line":1242,"column":54},"end":{"line":1291,"column":1}},"line":1242},"12":{"name":"generateScene","decl":{"start":{"line":1294,"column":16},"end":{"line":1294,"column":29}},"loc":{"start":{"line":1294,"column":32},"end":{"line":1307,"column":1}},"line":1294},"13":{"name":"generateTravelEncounter","decl":{"start":{"line":1312,"column":16},"end":{"line":1312,"column":39}},"loc":{"start":{"line":1312,"column":55},"end":{"line":1336,"column":1}},"line":1312},"14":{"name":"rollDangerousLocation","decl":{"start":{"line":1340,"column":16},"end":{"line":1340,"column":37}},"loc":{"start":{"line":1340,"column":53},"end":{"line":1365,"column":1}},"line":1340},"15":{"name":"generateMonsterName","decl":{"start":{"line":1368,"column":16},"end":{"line":1368,"column":35}},"loc":{"start":{"line":1368,"column":38},"end":{"line":1372,"column":1}},"line":1368},"16":{"name":"generateMonster","decl":{"start":{"line":1375,"column":16},"end":{"line":1375,"column":31}},"loc":{"start":{"line":1375,"column":34},"end":{"line":1393,"column":1}},"line":1375},"17":{"name":"generateEpicTitle","decl":{"start":{"line":1396,"column":16},"end":{"line":1396,"column":33}},"loc":{"start":{"line":1396,"column":36},"end":{"line":1412,"column":1}},"line":1396},"18":{"name":"generateEpisodeTitle","decl":{"start":{"line":1415,"column":16},"end":{"line":1415,"column":36}},"loc":{"start":{"line":1415,"column":39},"end":{"line":1431,"column":1}},"line":1415},"19":{"name":"generateCrimeLord","decl":{"start":{"line":1434,"column":16},"end":{"line":1434,"column":33}},"loc":{"start":{"line":1434,"column":36},"end":{"line":1450,"column":1}},"line":1434},"20":{"name":"generateShipName","decl":{"start":{"line":1453,"column":16},"end":{"line":1453,"column":32}},"loc":{"start":{"line":1453,"column":35},"end":{"line":1457,"column":1}},"line":1453},"21":{"name":"rollSceneLocation","decl":{"start":{"line":1464,"column":16},"end":{"line":1464,"column":33}},"loc":{"start":{"line":1464,"column":36},"end":{"line":1470,"column":1}},"line":1464},"22":{"name":"rollSceneTone","decl":{"start":{"line":1472,"column":16},"end":{"line":1472,"column":29}},"loc":{"start":{"line":1472,"column":32},"end":{"line":1478,"column":1}},"line":1472},"23":{"name":"rollSceneObstacle","decl":{"start":{"line":1480,"column":16},"end":{"line":1480,"column":33}},"loc":{"start":{"line":1480,"column":36},"end":{"line":1486,"column":1}},"line":1480},"24":{"name":"rollSettlementNamePrefix","decl":{"start":{"line":1489,"column":16},"end":{"line":1489,"column":40}},"loc":{"start":{"line":1489,"column":43},"end":{"line":1495,"column":1}},"line":1489},"25":{"name":"rollSettlementNameSuffix","decl":{"start":{"line":1497,"column":16},"end":{"line":1497,"column":40}},"loc":{"start":{"line":1497,"column":43},"end":{"line":1503,"column":1}},"line":1497},"26":{"name":"generatePVNPCName","decl":{"start":{"line":1510,"column":16},"end":{"line":1510,"column":33}},"loc":{"start":{"line":1510,"column":36},"end":{"line":1524,"column":1}},"line":1510},"27":{"name":"generatePVNPCSurname","decl":{"start":{"line":1527,"column":16},"end":{"line":1527,"column":36}},"loc":{"start":{"line":1527,"column":39},"end":{"line":1541,"column":1}},"line":1527},"28":{"name":"generatePVNPCFullName","decl":{"start":{"line":1544,"column":16},"end":{"line":1544,"column":37}},"loc":{"start":{"line":1544,"column":40},"end":{"line":1558,"column":1}},"line":1544},"29":{"name":"generateSpaceOperaName","decl":{"start":{"line":1561,"column":16},"end":{"line":1561,"column":38}},"loc":{"start":{"line":1561,"column":41},"end":{"line":1575,"column":1}},"line":1561},"30":{"name":"generatePVSettlementName","decl":{"start":{"line":1578,"column":16},"end":{"line":1578,"column":40}},"loc":{"start":{"line":1578,"column":43},"end":{"line":1664,"column":1}},"line":1578},"31":{"name":"(anonymous_31)","decl":{"start":{"line":1635,"column":31},"end":{"line":1635,"column":32}},"loc":{"start":{"line":1635,"column":41},"end":{"line":1635,"column":46}},"line":1635},"32":{"name":"generatePVFactionName","decl":{"start":{"line":1667,"column":16},"end":{"line":1667,"column":37}},"loc":{"start":{"line":1667,"column":40},"end":{"line":1727,"column":1}},"line":1667},"33":{"name":"generateOpeningScene","decl":{"start":{"line":1735,"column":16},"end":{"line":1735,"column":36}},"loc":{"start":{"line":1735,"column":55},"end":{"line":1773,"column":1}},"line":1735},"34":{"name":"(anonymous_34)","decl":{"start":{"line":1740,"column":11},"end":{"line":1740,"column":12}},"loc":{"start":{"line":1740,"column":30},"end":{"line":1740,"column":61}},"line":1740},"35":{"name":"(anonymous_35)","decl":{"start":{"line":1741,"column":14},"end":{"line":1741,"column":15}},"loc":{"start":{"line":1741,"column":28},"end":{"line":1741,"column":39}},"line":1741},"36":{"name":"generateIncitingIncident","decl":{"start":{"line":1780,"column":16},"end":{"line":1780,"column":40}},"loc":{"start":{"line":1780,"column":77},"end":{"line":1804,"column":1}},"line":1780},"37":{"name":"(anonymous_37)","decl":{"start":{"line":1785,"column":42},"end":{"line":1785,"column":43}},"loc":{"start":{"line":1785,"column":48},"end":{"line":1785,"column":78}},"line":1785},"38":{"name":"(anonymous_38)","decl":{"start":{"line":1790,"column":42},"end":{"line":1790,"column":43}},"loc":{"start":{"line":1790,"column":48},"end":{"line":1790,"column":76}},"line":1790}},"branchMap":{"0":{"loc":{"start":{"line":1044,"column":2},"end":{"line":1046,"column":3}},"type":"if","locations":[{"start":{"line":1044,"column":2},"end":{"line":1046,"column":3}},{"start":{},"end":{}}],"line":1044},"1":{"loc":{"start":{"line":1044,"column":6},"end":{"line":1044,"column":34}},"type":"binary-expr","locations":[{"start":{"line":1044,"column":6},"end":{"line":1044,"column":12}},{"start":{"line":1044,"column":16},"end":{"line":1044,"column":34}}],"line":1044},"2":{"loc":{"start":{"line":1055,"column":2},"end":{"line":1055,"column":67}},"type":"if","locations":[{"start":{"line":1055,"column":2},"end":{"line":1055,"column":67}},{"start":{},"end":{}}],"line":1055},"3":{"loc":{"start":{"line":1056,"column":2},"end":{"line":1056,"column":81}},"type":"if","locations":[{"start":{"line":1056,"column":2},"end":{"line":1056,"column":81}},{"start":{},"end":{}}],"line":1056},"4":{"loc":{"start":{"line":1056,"column":6},"end":{"line":1056,"column":28}},"type":"binary-expr","locations":[{"start":{"line":1056,"column":6},"end":{"line":1056,"column":15}},{"start":{"line":1056,"column":19},"end":{"line":1056,"column":28}}],"line":1056},"5":{"loc":{"start":{"line":1057,"column":2},"end":{"line":1057,"column":81}},"type":"if","locations":[{"start":{"line":1057,"column":2},"end":{"line":1057,"column":81}},{"start":{},"end":{}}],"line":1057},"6":{"loc":{"start":{"line":1057,"column":6},"end":{"line":1057,"column":28}},"type":"binary-expr","locations":[{"start":{"line":1057,"column":6},"end":{"line":1057,"column":15}},{"start":{"line":1057,"column":19},"end":{"line":1057,"column":28}}],"line":1057},"7":{"loc":{"start":{"line":1058,"column":2},"end":{"line":1058,"column":81}},"type":"if","locations":[{"start":{"line":1058,"column":2},"end":{"line":1058,"column":81}},{"start":{},"end":{}}],"line":1058},"8":{"loc":{"start":{"line":1058,"column":6},"end":{"line":1058,"column":28}},"type":"binary-expr","locations":[{"start":{"line":1058,"column":6},"end":{"line":1058,"column":15}},{"start":{"line":1058,"column":19},"end":{"line":1058,"column":28}}],"line":1058},"9":{"loc":{"start":{"line":1059,"column":2},"end":{"line":1059,"column":81}},"type":"if","locations":[{"start":{"line":1059,"column":2},"end":{"line":1059,"column":81}},{"start":{},"end":{}}],"line":1059},"10":{"loc":{"start":{"line":1059,"column":6},"end":{"line":1059,"column":28}},"type":"binary-expr","locations":[{"start":{"line":1059,"column":6},"end":{"line":1059,"column":15}},{"start":{"line":1059,"column":19},"end":{"line":1059,"column":28}}],"line":1059},"11":{"loc":{"start":{"line":1060,"column":2},"end":{"line":1060,"column":85}},"type":"if","locations":[{"start":{"line":1060,"column":2},"end":{"line":1060,"column":85}},{"start":{},"end":{}}],"line":1060},"12":{"loc":{"start":{"line":1060,"column":6},"end":{"line":1060,"column":30}},"type":"binary-expr","locations":[{"start":{"line":1060,"column":6},"end":{"line":1060,"column":16}},{"start":{"line":1060,"column":20},"end":{"line":1060,"column":30}}],"line":1060},"13":{"loc":{"start":{"line":1061,"column":2},"end":{"line":1061,"column":85}},"type":"if","locations":[{"start":{"line":1061,"column":2},"end":{"line":1061,"column":85}},{"start":{},"end":{}}],"line":1061},"14":{"loc":{"start":{"line":1061,"column":6},"end":{"line":1061,"column":30}},"type":"binary-expr","locations":[{"start":{"line":1061,"column":6},"end":{"line":1061,"column":16}},{"start":{"line":1061,"column":20},"end":{"line":1061,"column":30}}],"line":1061},"15":{"loc":{"start":{"line":1062,"column":2},"end":{"line":1062,"column":85}},"type":"if","locations":[{"start":{"line":1062,"column":2},"end":{"line":1062,"column":85}},{"start":{},"end":{}}],"line":1062},"16":{"loc":{"start":{"line":1062,"column":6},"end":{"line":1062,"column":30}},"type":"binary-expr","locations":[{"start":{"line":1062,"column":6},"end":{"line":1062,"column":16}},{"start":{"line":1062,"column":20},"end":{"line":1062,"column":30}}],"line":1062},"17":{"loc":{"start":{"line":1063,"column":2},"end":{"line":1063,"column":85}},"type":"if","locations":[{"start":{"line":1063,"column":2},"end":{"line":1063,"column":85}},{"start":{},"end":{}}],"line":1063},"18":{"loc":{"start":{"line":1063,"column":6},"end":{"line":1063,"column":30}},"type":"binary-expr","locations":[{"start":{"line":1063,"column":6},"end":{"line":1063,"column":16}},{"start":{"line":1063,"column":20},"end":{"line":1063,"column":30}}],"line":1063},"19":{"loc":{"start":{"line":1064,"column":2},"end":{"line":1064,"column":85}},"type":"if","locations":[{"start":{"line":1064,"column":2},"end":{"line":1064,"column":85}},{"start":{},"end":{}}],"line":1064},"20":{"loc":{"start":{"line":1064,"column":6},"end":{"line":1064,"column":30}},"type":"binary-expr","locations":[{"start":{"line":1064,"column":6},"end":{"line":1064,"column":16}},{"start":{"line":1064,"column":20},"end":{"line":1064,"column":30}}],"line":1064},"21":{"loc":{"start":{"line":1065,"column":2},"end":{"line":1065,"column":69}},"type":"if","locations":[{"start":{"line":1065,"column":2},"end":{"line":1065,"column":69}},{"start":{},"end":{}}],"line":1065},"22":{"loc":{"start":{"line":1098,"column":33},"end":{"line":1098,"column":46}},"type":"default-arg","locations":[{"start":{"line":1098,"column":45},"end":{"line":1098,"column":46}}],"line":1098},"23":{"loc":{"start":{"line":1104,"column":2},"end":{"line":1114,"column":3}},"type":"if","locations":[{"start":{"line":1104,"column":2},"end":{"line":1114,"column":3}},{"start":{},"end":{}}],"line":1104},"24":{"loc":{"start":{"line":1177,"column":28},"end":{"line":1177,"column":45}},"type":"default-arg","locations":[{"start":{"line":1177,"column":40},"end":{"line":1177,"column":45}}],"line":1177},"25":{"loc":{"start":{"line":1180,"column":2},"end":{"line":1189,"column":3}},"type":"if","locations":[{"start":{"line":1180,"column":2},"end":{"line":1189,"column":3}},{"start":{"line":1184,"column":9},"end":{"line":1189,"column":3}}],"line":1180},"26":{"loc":{"start":{"line":1180,"column":6},"end":{"line":1180,"column":36}},"type":"binary-expr","locations":[{"start":{"line":1180,"column":6},"end":{"line":1180,"column":15}},{"start":{"line":1180,"column":19},"end":{"line":1180,"column":36}}],"line":1180},"27":{"loc":{"start":{"line":1242,"column":35},"end":{"line":1242,"column":52}},"type":"default-arg","locations":[{"start":{"line":1242,"column":47},"end":{"line":1242,"column":52}}],"line":1242},"28":{"loc":{"start":{"line":1259,"column":2},"end":{"line":1268,"column":3}},"type":"if","locations":[{"start":{"line":1259,"column":2},"end":{"line":1268,"column":3}},{"start":{"line":1263,"column":9},"end":{"line":1268,"column":3}}],"line":1259},"29":{"loc":{"start":{"line":1259,"column":6},"end":{"line":1259,"column":36}},"type":"binary-expr","locations":[{"start":{"line":1259,"column":6},"end":{"line":1259,"column":15}},{"start":{"line":1259,"column":19},"end":{"line":1259,"column":36}}],"line":1259},"30":{"loc":{"start":{"line":1267,"column":11},"end":{"line":1267,"column":80}},"type":"cond-expr","locations":[{"start":{"line":1267,"column":36},"end":{"line":1267,"column":56}},{"start":{"line":1267,"column":59},"end":{"line":1267,"column":80}}],"line":1267},"31":{"loc":{"start":{"line":1312,"column":40},"end":{"line":1312,"column":53}},"type":"default-arg","locations":[{"start":{"line":1312,"column":52},"end":{"line":1312,"column":53}}],"line":1312},"32":{"loc":{"start":{"line":1318,"column":2},"end":{"line":1327,"column":3}},"type":"if","locations":[{"start":{"line":1318,"column":2},"end":{"line":1327,"column":3}},{"start":{},"end":{}}],"line":1318},"33":{"loc":{"start":{"line":1340,"column":38},"end":{"line":1340,"column":51}},"type":"default-arg","locations":[{"start":{"line":1340,"column":50},"end":{"line":1340,"column":51}}],"line":1340},"34":{"loc":{"start":{"line":1592,"column":2},"end":{"line":1598,"column":3}},"type":"if","locations":[{"start":{"line":1592,"column":2},"end":{"line":1598,"column":3}},{"start":{},"end":{}}],"line":1592},"35":{"loc":{"start":{"line":1601,"column":2},"end":{"line":1621,"column":3}},"type":"if","locations":[{"start":{"line":1601,"column":2},"end":{"line":1621,"column":3}},{"start":{},"end":{}}],"line":1601},"36":{"loc":{"start":{"line":1606,"column":4},"end":{"line":1618,"column":5}},"type":"if","locations":[{"start":{"line":1606,"column":4},"end":{"line":1618,"column":5}},{"start":{"line":1611,"column":11},"end":{"line":1618,"column":5}}],"line":1606},"37":{"loc":{"start":{"line":1611,"column":11},"end":{"line":1618,"column":5}},"type":"if","locations":[{"start":{"line":1611,"column":11},"end":{"line":1618,"column":5}},{"start":{"line":1616,"column":11},"end":{"line":1618,"column":5}}],"line":1611},"38":{"loc":{"start":{"line":1624,"column":2},"end":{"line":1630,"column":3}},"type":"if","locations":[{"start":{"line":1624,"column":2},"end":{"line":1630,"column":3}},{"start":{},"end":{}}],"line":1624},"39":{"loc":{"start":{"line":1633,"column":2},"end":{"line":1639,"column":3}},"type":"if","locations":[{"start":{"line":1633,"column":2},"end":{"line":1639,"column":3}},{"start":{},"end":{}}],"line":1633},"40":{"loc":{"start":{"line":1642,"column":2},"end":{"line":1648,"column":3}},"type":"if","locations":[{"start":{"line":1642,"column":2},"end":{"line":1648,"column":3}},{"start":{},"end":{}}],"line":1642},"41":{"loc":{"start":{"line":1650,"column":2},"end":{"line":1656,"column":3}},"type":"if","locations":[{"start":{"line":1650,"column":2},"end":{"line":1656,"column":3}},{"start":{},"end":{}}],"line":1650},"42":{"loc":{"start":{"line":1681,"column":2},"end":{"line":1687,"column":3}},"type":"if","locations":[{"start":{"line":1681,"column":2},"end":{"line":1687,"column":3}},{"start":{},"end":{}}],"line":1681},"43":{"loc":{"start":{"line":1690,"column":2},"end":{"line":1711,"column":3}},"type":"if","locations":[{"start":{"line":1690,"column":2},"end":{"line":1711,"column":3}},{"start":{},"end":{}}],"line":1690},"44":{"loc":{"start":{"line":1695,"column":4},"end":{"line":1708,"column":5}},"type":"if","locations":[{"start":{"line":1695,"column":4},"end":{"line":1708,"column":5}},{"start":{"line":1700,"column":11},"end":{"line":1708,"column":5}}],"line":1695},"45":{"loc":{"start":{"line":1700,"column":11},"end":{"line":1708,"column":5}},"type":"if","locations":[{"start":{"line":1700,"column":11},"end":{"line":1708,"column":5}},{"start":{"line":1706,"column":11},"end":{"line":1708,"column":5}}],"line":1700},"46":{"loc":{"start":{"line":1714,"column":2},"end":{"line":1720,"column":3}},"type":"if","locations":[{"start":{"line":1714,"column":2},"end":{"line":1720,"column":3}},{"start":{},"end":{}}],"line":1714},"47":{"loc":{"start":{"line":1735,"column":37},"end":{"line":1735,"column":53}},"type":"default-arg","locations":[{"start":{"line":1735,"column":49},"end":{"line":1735,"column":53}}],"line":1735},"48":{"loc":{"start":{"line":1736,"column":2},"end":{"line":1772,"column":3}},"type":"if","locations":[{"start":{"line":1736,"column":2},"end":{"line":1772,"column":3}},{"start":{"line":1764,"column":9},"end":{"line":1772,"column":3}}],"line":1736},"49":{"loc":{"start":{"line":1746,"column":4},"end":{"line":1763,"column":5}},"type":"if","locations":[{"start":{"line":1746,"column":4},"end":{"line":1763,"column":5}},{"start":{"line":1753,"column":11},"end":{"line":1763,"column":5}}],"line":1746},"50":{"loc":{"start":{"line":1780,"column":41},"end":{"line":1780,"column":57}},"type":"default-arg","locations":[{"start":{"line":1780,"column":53},"end":{"line":1780,"column":57}}],"line":1780},"51":{"loc":{"start":{"line":1780,"column":59},"end":{"line":1780,"column":75}},"type":"default-arg","locations":[{"start":{"line":1780,"column":71},"end":{"line":1780,"column":75}}],"line":1780},"52":{"loc":{"start":{"line":1784,"column":2},"end":{"line":1786,"column":3}},"type":"if","locations":[{"start":{"line":1784,"column":2},"end":{"line":1786,"column":3}},{"start":{},"end":{}}],"line":1784},"53":{"loc":{"start":{"line":1789,"column":2},"end":{"line":1791,"column":3}},"type":"if","locations":[{"start":{"line":1789,"column":2},"end":{"line":1791,"column":3}},{"start":{},"end":{}}],"line":1789},"54":{"loc":{"start":{"line":1794,"column":2},"end":{"line":1794,"column":38}},"type":"if","locations":[{"start":{"line":1794,"column":2},"end":{"line":1794,"column":38}},{"start":{},"end":{}}],"line":1794}},"s":{"0":1,"1":1,"2":1,"3":1,"4":1,"5":1,"6":1,"7":1,"8":1,"9":1,"10":1,"11":1,"12":1,"13":1,"14":1,"15":0,"16":0,"17":0,"18":0,"19":0,"20":0,"21":0,"22":0,"23":0,"24":0,"25":0,"26":0,"27":0,"28":0,"29":0,"30":0,"31":0,"32":0,"33":0,"34":0,"35":0,"36":0,"37":0,"38":0,"39":0,"40":0,"41":0,"42":0,"43":0,"44":0,"45":0,"46":0,"47":0,"48":0,"49":0,"50":0,"51":0,"52":0,"53":0,"54":0,"55":0,"56":0,"57":0,"58":0,"59":0,"60":0,"61":0,"62":0,"63":0,"64":0,"65":0,"66":0,"67":0,"68":0,"69":0,"70":0,"71":0,"72":0,"73":0,"74":0,"75":0,"76":0,"77":0,"78":0,"79":0,"80":0,"81":0,"82":0,"83":0,"84":0,"85":0,"86":0,"87":0,"88":0,"89":0,"90":0,"91":0,"92":0,"93":0,"94":0,"95":0,"96":0,"97":0,"98":0,"99":0,"100":0,"101":0,"102":0,"103":0,"104":0,"105":0,"106":0,"107":0,"108":0,"109":0,"110":0,"111":0,"112":0,"113":0,"114":0,"115":0,"116":0,"117":0,"118":0,"119":0,"120":0,"121":0,"122":0,"123":0,"124":0,"125":0,"126":0,"127":0,"128":0,"129":0,"130":0,"131":0,"132":0,"133":0,"134":0,"135":0,"136":0,"137":0,"138":0,"139":0,"140":0,"141":0,"142":0,"143":0,"144":0,"145":0,"146":0,"147":0,"148":0,"149":0,"150":0,"151":0,"152":0,"153":0,"154":0,"155":0,"156":0,"157":0,"158":0,"159":0,"160":0,"161":0,"162":0,"163":0,"164":0,"165":0,"166":0,"167":0,"168":0,"169":0,"170":0,"171":0,"172":0,"173":0,"174":0,"175":0,"176":0,"177":0,"178":0,"179":0,"180":0,"181":0,"182":0,"183":0,"184":0,"185":0,"186":0,"187":0,"188":0,"189":0,"190":0,"191":0,"192":0,"193":0,"194":0,"195":0,"196":0,"197":0,"198":0,"199":0,"200":0,"201":0,"202":0,"203":0,"204":0,"205":0,"206":0,"207":0,"208":0,"209":0,"210":0,"211":0,"212":0,"213":0,"214":0,"215":0,"216":0,"217":0,"218":0,"219":0,"220":0,"221":0,"222":0,"223":0,"224":0,"225":0,"226":0,"227":0,"228":0,"229":0,"230":0,"231":0,"232":0,"233":0,"234":0,"235":0,"236":0,"237":0,"238":0,"239":0,"240":0,"241":0,"242":0,"243":0,"244":0,"245":0,"246":0,"247":0,"248":0,"249":0,"250":0,"251":0,"252":0,"253":0,"254":0,"255":0,"256":0,"257":0,"258":0,"259":0,"260":0,"261":0,"262":0,"263":0,"264":0,"265":0,"266":0,"267":0,"268":0,"269":0,"270":0,"271":0,"272":0,"273":0,"274":0,"275":0,"276":0,"277":0,"278":0,"279":0,"280":0,"281":0,"282":0,"283":0,"284":0,"285":0,"286":0,"287":0,"288":0,"289":0,"290":0,"291":0,"292":0,"293":0,"294":0,"295":0,"296":0,"297":0,"298":0,"299":0,"300":0,"301":0,"302":0,"303":0,"304":0},"f":{"0":0,"1":0,"2":0,"3":0,"4":0,"5":0,"6":0,"7":0,"8":0,"9":0,"10":0,"11":0,"12":0,"13":0,"14":0,"15":0,"16":0,"17":0,"18":0,"19":0,"20":0,"21":0,"22":0,"23":0,"24":0,"25":0,"26":0,"27":0,"28":0,"29":0,"30":0,"31":0,"32":0,"33":0,"34":0,"35":0,"36":0,"37":0,"38":0},"b":{"0":[0,0],"1":[0,0],"2":[0,0],"3":[0,0],"4":[0,0],"5":[0,0],"6":[0,0],"7":[0,0],"8":[0,0],"9":[0,0],"10":[0,0],"11":[0,0],"12":[0,0],"13":[0,0],"14":[0,0],"15":[0,0],"16":[0,0],"17":[0,0],"18":[0,0],"19":[0,0],"20":[0,0],"21":[0,0],"22":[0],"23":[0,0],"24":[0],"25":[0,0],"26":[0,0],"27":[0],"28":[0,0],"29":[0,0],"30":[0,0],"31":[0],"32":[0,0],"33":[0],"34":[0,0],"35":[0,0],"36":[0,0],"37":[0,0],"38":[0,0],"39":[0,0],"40":[0,0],"41":[0,0],"42":[0,0],"43":[0,0],"44":[0,0],"45":[0,0],"46":[0,0],"47":[0],"48":[0,0],"49":[0,0],"50":[0],"51":[0],"52":[0,0],"53":[0,0],"54":[0,0]},"meta":{"lastBranch":55,"lastFunction":39,"lastStatement":305,"seen":{"s:30:27:198:1":0,"s:204:33:255:1":1,"s:261:28:454:1":2,"s:460:34:498:1":3,"s:504:26:546:1":4,"s:552:27:640:1":5,"s:646:32:721:1":6,"s:727:28:779:1":7,"s:785:24:803:1":8,"s:809:30:841:1":9,"s:847:32:922:1":10,"s:928:26:949:1":11,"s:955:31:971:1":12,"s:977:29:986:1":13,"s:992:31:1022:1":14,"f:1029:16:1029:24":0,"s:1030:2:1030:47":15,"f:1034:16:1034:32":1,"s:1035:16:1035:18":16,"s:1036:2:1038:3":17,"s:1036:15:1036:16":18,"s:1037:4:1037:32":19,"s:1039:2:1039:15":20,"f:1043:16:1043:27":2,"b:1044:2:1046:3:undefined:undefined:undefined:undefined":0,"s:1044:2:1046:3":21,"b:1044:6:1044:12:1044:16:1044:34":1,"s:1045:4:1045:38":22,"s:1047:2:1047:57":23,"f:1051:16:1051:31":3,"s:1052:15:1052:27":24,"b:1055:2:1055:67:undefined:undefined:undefined:undefined":2,"s:1055:2:1055:67":25,"s:1055:18:1055:67":26,"b:1056:2:1056:81:undefined:undefined:undefined:undefined":3,"s:1056:2:1056:81":27,"b:1056:6:1056:15:1056:19:1056:28":4,"s:1056:30:1056:81":28,"b:1057:2:1057:81:undefined:undefined:undefined:undefined":5,"s:1057:2:1057:81":29,"b:1057:6:1057:15:1057:19:1057:28":6,"s:1057:30:1057:81":30,"b:1058:2:1058:81:undefined:undefined:undefined:undefined":7,"s:1058:2:1058:81":31,"b:1058:6:1058:15:1058:19:1058:28":8,"s:1058:30:1058:81":32,"b:1059:2:1059:81:undefined:undefined:undefined:undefined":9,"s:1059:2:1059:81":33,"b:1059:6:1059:15:1059:19:1059:28":10,"s:1059:30:1059:81":34,"b:1060:2:1060:85:undefined:undefined:undefined:undefined":11,"s:1060:2:1060:85":35,"b:1060:6:1060:16:1060:20:1060:30":12,"s:1060:32:1060:85":36,"b:1061:2:1061:85:undefined:undefined:undefined:undefined":13,"s:1061:2:1061:85":37,"b:1061:6:1061:16:1061:20:1061:30":14,"s:1061:32:1061:85":38,"b:1062:2:1062:85:undefined:undefined:undefined:undefined":15,"s:1062:2:1062:85":39,"b:1062:6:1062:16:1062:20:1062:30":16,"s:1062:32:1062:85":40,"b:1063:2:1063:85:undefined:undefined:undefined:undefined":17,"s:1063:2:1063:85":41,"b:1063:6:1063:16:1063:20:1063:30":18,"s:1063:32:1063:85":42,"b:1064:2:1064:85:undefined:undefined:undefined:undefined":19,"s:1064:2:1064:85":43,"b:1064:6:1064:16:1064:20:1064:30":20,"s:1064:32:1064:85":44,"b:1065:2:1065:69:undefined:undefined:undefined:undefined":21,"s:1065:2:1065:69":45,"s:1065:19:1065:69":46,"f:1069:16:1069:31":4,"s:1071:19:1071:31":47,"s:1072:22:1072:34":48,"s:1073:19:1073:31":49,"s:1074:23:1074:35":50,"s:1075:19:1075:31":51,"s:1076:23:1076:34":52,"s:1078:2:1092:4":53,"f:1098:16:1098:32":5,"b:1098:45:1098:46":22,"s:1099:20:1099:32":54,"s:1100:16:1100:37":55,"s:1101:18:1101:29":56,"s:1103:22:1103:26":57,"b:1104:2:1114:3:undefined:undefined:undefined:undefined":23,"s:1104:2:1114:3":58,"s:1106:23:1106:35":59,"s:1107:25:1107:47":60,"s:1108:18:1108:81":61,"s:1109:4:1113:6":62,"s:1116:2:1122:4":63,"f:1126:16:1126:31":6,"s:1127:19:1127:65":64,"s:1128:20:1128:67":65,"s:1129:19:1129:65":66,"s:1130:21:1130:69":67,"s:1132:2:1141:4":68,"f:1145:16:1145:36":7,"s:1146:21:1146:68":69,"s:1147:21:1147:67":70,"s:1149:2:1154:4":71,"f:1158:16:1158:31":8,"s:1159:22:1159:64":72,"s:1160:19:1160:65":73,"s:1161:19:1161:65":74,"s:1162:20:1162:67":75,"s:1164:2:1173:4":76,"f:1177:16:1177:27":9,"b:1177:40:1177:45":24,"b:1180:2:1189:3:1184:9:1189:3":25,"s:1180:2:1189:3":77,"b:1180:6:1180:15:1180:19:1180:36":26,"s:1182:19:1182:42":78,"s:1183:4:1183:27":79,"s:1186:22:1186:65":80,"s:1187:23:1187:64":81,"s:1188:4:1188:40":82,"s:1192:19:1192:55":83,"s:1193:22:1193:60":84,"s:1194:25:1194:67":85,"s:1195:21:1195:59":86,"s:1196:20:1196:57":87,"s:1197:23:1197:62":88,"s:1199:2:1213:4":89,"f:1217:16:1217:30":10,"s:1218:22:1218:65":90,"s:1219:22:1219:65":91,"s:1220:20:1220:61":92,"s:1221:25:1221:71":93,"s:1222:22:1222:65":94,"s:1223:19:1223:59":95,"s:1225:2:1238:4":96,"f:1242:16:1242:34":11,"b:1242:47:1242:52":27,"s:1243:25:1243:75":97,"s:1244:23:1244:71":98,"s:1245:27:1245:79":99,"s:1246:27:1246:79":100,"s:1247:21:1247:67":101,"s:1248:23:1248:71":102,"s:1249:21:1249:67":103,"s:1250:22:1250:69":104,"s:1251:25:1251:76":105,"s:1252:25:1252:76":106,"s:1254:17:1254:71":107,"s:1255:17:1255:71":108,"b:1259:2:1268:3:1263:9:1268:3":28,"s:1259:2:1268:3":109,"b:1259:6:1259:15:1259:19:1259:36":29,"s:1261:19:1261:45":110,"s:1262:4:1262:27":111,"s:1267:4:1267:81":112,"b:1267:36:1267:56:1267:59:1267:80":30,"s:1270:2:1290:4":113,"f:1294:16:1294:29":12,"s:1295:23:1295:66":114,"s:1296:19:1296:58":115,"s:1297:23:1297:66":116,"s:1299:2:1306:4":117,"f:1312:16:1312:39":13,"b:1312:52:1312:53":31,"s:1313:20:1313:32":118,"s:1314:16:1314:37":119,"s:1315:18:1315:29":120,"s:1317:24:1317:28":121,"b:1318:2:1327:3:undefined:undefined:undefined:undefined":32,"s:1318:2:1327:3":122,"s:1319:22:1319:61":123,"s:1320:22:1320:61":124,"s:1321:4:1326:6":125,"s:1329:2:1335:4":126,"f:1340:16:1340:37":14,"b:1340:50:1340:51":33,"s:1341:19:1341:31":127,"s:1342:19:1342:31":128,"s:1343:23:1343:35":129,"s:1344:21:1344:33":130,"s:1347:24:1347:36":131,"s:1348:22:1348:47":132,"s:1349:28:1349:45":133,"s:1351:2:1364:4":134,"f:1368:16:1368:35":15,"s:1369:17:1369:64":135,"s:1370:17:1370:64":136,"s:1371:2:1371:31":137,"f:1375:16:1375:31":16,"s:1376:20:1376:31":138,"s:1377:26:1377:37":139,"s:1378:23:1378:34":140,"s:1379:21:1379:72":141,"s:1380:21:1380:72":142,"s:1382:2:1392:4":143,"f:1396:16:1396:33":17,"s:1397:19:1397:64":144,"s:1398:19:1398:64":145,"s:1399:19:1399:64":146,"s:1400:19:1400:64":147,"s:1402:2:1411:4":148,"f:1415:16:1415:36":18,"s:1416:19:1416:67":149,"s:1417:19:1417:67":150,"s:1418:19:1418:67":151,"s:1419:19:1419:67":152,"s:1421:2:1430:4":153,"f:1434:16:1434:33":19,"s:1435:19:1435:62":154,"s:1436:21:1436:67":155,"s:1437:21:1437:70":156,"s:1438:19:1438:65":157,"s:1440:2:1449:4":158,"f:1453:16:1453:32":20,"s:1454:20:1454:63":159,"s:1455:21:1455:65":160,"s:1456:2:1456:41":161,"f:1464:16:1464:33":21,"s:1465:15:1465:58":162,"s:1466:2:1469:4":163,"f:1472:16:1472:29":22,"s:1473:15:1473:54":164,"s:1474:2:1477:4":165,"f:1480:16:1480:33":23,"s:1481:15:1481:58":166,"s:1482:2:1485:4":167,"f:1489:16:1489:40":24,"s:1490:15:1490:66":168,"s:1491:2:1494:4":169,"f:1497:16:1497:40":25,"s:1498:15:1498:66":170,"s:1499:2:1502:4":171,"f:1510:16:1510:33":26,"s:1511:20:1511:33":172,"s:1512:21:1512:34":173,"s:1513:20:1513:54":174,"s:1514:21:1514:57":175,"s:1516:2:1523:4":176,"f:1527:16:1527:36":27,"s:1528:20:1528:33":177,"s:1529:21:1529:34":178,"s:1530:20:1530:57":179,"s:1531:21:1531:60":180,"s:1533:2:1540:4":181,"f:1544:16:1544:37":28,"s:1545:15:1545:34":182,"s:1546:18:1546:40":183,"s:1548:2:1557:4":184,"f:1561:16:1561:38":29,"s:1562:20:1562:33":185,"s:1563:21:1563:34":186,"s:1564:20:1564:57":187,"s:1565:21:1565:60":188,"s:1567:2:1574:4":189,"f:1578:16:1578:40":30,"s:1579:23:1579:36":190,"s:1580:19:1580:58":191,"s:1582:15:1586:3":192,"s:1589:13:1589:21":193,"b:1592:2:1598:3:undefined:undefined:undefined:undefined":34,"s:1592:2:1598:3":194,"s:1593:24:1593:37":195,"s:1594:20:1594:58":196,"s:1595:4:1595:37":197,"s:1596:4:1596:29":198,"s:1597:4:1597:46":199,"b:1601:2:1621:3:undefined:undefined:undefined:undefined":35,"s:1601:2:1621:3":200,"s:1602:26:1602:39":201,"s:1603:27:1603:68":202,"s:1604:4:1604:41":203,"b:1606:4:1618:5:1611:11:1618:5":36,"s:1606:4:1618:5":204,"s:1607:22:1607:41":205,"s:1608:6:1608:42":206,"s:1609:6:1609:39":207,"s:1610:6:1610:68":208,"b:1611:11:1618:5:1616:11:1618:5":37,"s:1611:11:1618:5":209,"s:1612:25:1612:47":210,"s:1613:6:1613:48":211,"s:1614:6:1614:42":212,"s:1615:6:1615:77":213,"s:1617:6:1617:40":214,"s:1620:4:1620:57":215,"b:1624:2:1630:3:undefined:undefined:undefined:undefined":38,"s:1624:2:1630:3":216,"s:1625:21:1625:34":217,"s:1626:17:1626:48":218,"s:1627:4:1627:31":219,"s:1628:4:1628:23":220,"s:1629:4:1629:40":221,"b:1633:2:1639:3:undefined:undefined:undefined:undefined":39,"s:1633:2:1639:3":222,"s:1634:17:1634:40":223,"s:1635:19:1635:50":224,"f:1635:31:1635:32":31,"s:1635:41:1635:46":225,"s:1636:4:1636:30":226,"s:1637:4:1637:27":227,"s:1638:4:1638:55":228,"b:1642:2:1648:3:undefined:undefined:undefined:undefined":40,"s:1642:2:1648:3":229,"s:1643:26:1643:39":230,"s:1644:22:1644:60":231,"s:1645:4:1645:41":232,"s:1646:4:1646:33":233,"s:1647:4:1647:50":234,"b:1650:2:1656:3:undefined:undefined:undefined:undefined":41,"s:1650:2:1656:3":235,"s:1651:21:1651:34":236,"s:1652:17:1652:45":237,"s:1653:4:1653:31":238,"s:1654:4:1654:23":239,"s:1655:4:1655:40":240,"s:1659:2:1659:42":241,"s:1660:2:1660:60":242,"s:1662:2:1662:25":243,"s:1663:2:1663:16":244,"f:1667:16:1667:37":32,"s:1668:23:1668:36":245,"s:1669:19:1669:55":246,"s:1671:15:1675:3":247,"s:1678:13:1678:21":248,"b:1681:2:1687:3:undefined:undefined:undefined:undefined":42,"s:1681:2:1687:3":249,"s:1682:26:1682:39":250,"s:1683:22:1683:60":251,"s:1684:4:1684:41":252,"s:1685:4:1685:33":253,"s:1686:4:1686:50":254,"b:1690:2:1711:3:undefined:undefined:undefined:undefined":43,"s:1690:2:1711:3":255,"s:1691:26:1691:39":256,"s:1692:27:1692:65":257,"s:1693:4:1693:41":258,"b:1695:4:1708:5:1700:11:1708:5":44,"s:1695:4:1708:5":259,"s:1696:25:1696:47":260,"s:1697:6:1697:48":261,"s:1698:6:1698:42":262,"s:1699:6:1699:77":263,"b:1700:11:1708:5:1706:11:1708:5":45,"s:1700:11:1708:5":264,"s:1702:24:1702:50":265,"s:1703:6:1703:44":266,"s:1704:6:1704:41":267,"s:1705:6:1705:52":268,"s:1707:6:1707:40":269,"s:1710:4:1710:57":270,"b:1714:2:1720:3:undefined:undefined:undefined:undefined":46,"s:1714:2:1720:3":271,"s:1715:21:1715:34":272,"s:1716:17:1716:45":273,"s:1717:4:1717:31":274,"s:1718:4:1718:23":275,"s:1719:4:1719:40":276,"s:1723:2:1723:42":277,"s:1725:2:1725:25":278,"s:1726:2:1726:16":279,"f:1735:16:1735:36":33,"b:1735:49:1735:53":47,"b:1736:2:1772:3:1764:9:1772:3":48,"s:1736:2:1772:3":280,"s:1739:27:1741:40":281,"f:1740:11:1740:12":34,"s:1740:30:1740:61":282,"f:1741:14:1741:15":35,"s:1741:28:1741:39":283,"s:1743:24:1743:70":284,"s:1744:17:1744:38":285,"b:1746:4:1763:5:1753:11:1763:5":49,"s:1746:4:1763:5":286,"s:1748:6:1752:8":287,"s:1755:22:1755:54":288,"s:1756:22:1756:46":289,"s:1757:6:1762:8":290,"s:1766:17:1766:29":291,"s:1767:4:1771:6":292,"f:1780:16:1780:40":36,"b:1780:53:1780:57":50,"b:1780:71:1780:75":51,"s:1781:16:1781:18":293,"b:1784:2:1786:3:undefined:undefined:undefined:undefined":52,"s:1784:2:1786:3":294,"s:1785:4:1785:82":295,"f:1785:42:1785:43":37,"s:1785:48:1785:78":296,"b:1789:2:1791:3:undefined:undefined:undefined:undefined":53,"s:1789:2:1791:3":297,"s:1790:4:1790:80":298,"f:1790:42:1790:43":38,"s:1790:48:1790:76":299,"b:1794:2:1794:38:undefined:undefined:undefined:undefined":54,"s:1794:2:1794:38":300,"s:1794:26:1794:38":301,"s:1796:15:1796:37":302,"s:1797:19:1797:37":303,"s:1799:2:1803:4":304}}}
,"C:\\Users\\rdan6\\star-dashborg\\src\\data\\perilousVoidOracles.js": {"path":"C:\\Users\\rdan6\\star-dashborg\\src\\data\\perilousVoidOracles.js","statementMap":{"0":{"start":{"line":13,"column":31},"end":{"line":81,"column":1}},"1":{"start":{"line":88,"column":35},"end":{"line":164,"column":1}},"2":{"start":{"line":175,"column":35},"end":{"line":186,"column":1}},"3":{"start":{"line":188,"column":36},"end":{"line":199,"column":1}},"4":{"start":{"line":206,"column":38},"end":{"line":217,"column":1}},"5":{"start":{"line":219,"column":39},"end":{"line":230,"column":1}},"6":{"start":{"line":237,"column":38},"end":{"line":248,"column":1}},"7":{"start":{"line":250,"column":39},"end":{"line":261,"column":1}},"8":{"start":{"line":267,"column":37},"end":{"line":278,"column":1}},"9":{"start":{"line":280,"column":38},"end":{"line":291,"column":1}},"10":{"start":{"line":293,"column":33},"end":{"line":304,"column":1}},"11":{"start":{"line":306,"column":37},"end":{"line":326,"column":1}},"12":{"start":{"line":332,"column":35},"end":{"line":343,"column":1}},"13":{"start":{"line":345,"column":35},"end":{"line":356,"column":1}},"14":{"start":{"line":358,"column":30},"end":{"line":369,"column":1}},"15":{"start":{"line":371,"column":34},"end":{"line":389,"column":1}},"16":{"start":{"line":393,"column":14},"end":{"line":393,"column":51}},"17":{"start":{"line":394,"column":17},"end":{"line":394,"column":46}},"18":{"start":{"line":396,"column":2},"end":{"line":401,"column":4}}},"fnMap":{"0":{"name":"generatePVIncitingIncident","decl":{"start":{"line":392,"column":16},"end":{"line":392,"column":42}},"loc":{"start":{"line":392,"column":45},"end":{"line":402,"column":1}},"line":392}},"branchMap":{},"s":{"0":1,"1":1,"2":1,"3":1,"4":1,"5":1,"6":1,"7":1,"8":1,"9":1,"10":1,"11":1,"12":1,"13":1,"14":1,"15":1,"16":0,"17":0,"18":0},"f":{"0":0},"b":{},"meta":{"lastBranch":0,"lastFunction":1,"lastStatement":19,"seen":{"s:13:31:81:1":0,"s:88:35:164:1":1,"s:175:35:186:1":2,"s:188:36:199:1":3,"s:206:38:217:1":4,"s:219:39:230:1":5,"s:237:38:248:1":6,"s:250:39:261:1":7,"s:267:37:278:1":8,"s:280:38:291:1":9,"s:293:33:304:1":10,"s:306:37:326:1":11,"s:332:35:343:1":12,"s:345:35:356:1":13,"s:358:30:369:1":14,"s:371:34:389:1":15,"f:392:16:392:42":0,"s:393:14:393:51":16,"s:394:17:394:46":17,"s:396:2:401:4":18}}}
,"C:\\Users\\rdan6\\star-dashborg\\src\\data\\starforgedOracles.js": {"path":"C:\\Users\\rdan6\\star-dashborg\\src\\data\\starforgedOracles.js","statementMap":{"0":{"start":{"line":13,"column":35},"end":{"line":33,"column":1}},"1":{"start":{"line":45,"column":14},"end":{"line":45,"column":51}},"2":{"start":{"line":46,"column":17},"end":{"line":46,"column":46}},"3":{"start":{"line":48,"column":2},"end":{"line":52,"column":4}}},"fnMap":{"0":{"name":"generateSFIncitingIncident","decl":{"start":{"line":44,"column":16},"end":{"line":44,"column":42}},"loc":{"start":{"line":44,"column":45},"end":{"line":53,"column":1}},"line":44}},"branchMap":{},"s":{"0":1,"1":27,"2":27,"3":27},"f":{"0":27},"b":{},"meta":{"lastBranch":0,"lastFunction":1,"lastStatement":4,"seen":{"s:13:35:33:1":0,"f:44:16:44:42":0,"s:45:14:45:51":1,"s:46:17:46:46":2,"s:48:2:52:4":3}}}
,"C:\\Users\\rdan6\\star-dashborg\\src\\hooks\\useOracleHistory.js": {"path":"C:\\Users\\rdan6\\star-dashborg\\src\\hooks\\useOracleHistory.js","statementMap":{"0":{"start":{"line":11,"column":43},"end":{"line":11,"column":56}},"1":{"start":{"line":12,"column":41},"end":{"line":12,"column":53}},"2":{"start":{"line":15,"column":19},"end":{"line":18,"column":18}},"3":{"start":{"line":16,"column":4},"end":{"line":16,"column":72}},"4":{"start":{"line":16,"column":29},"end":{"line":16,"column":70}},"5":{"start":{"line":17,"column":4},"end":{"line":17,"column":23}},"6":{"start":{"line":21,"column":20},"end":{"line":23,"column":28}},"7":{"start":{"line":22,"column":4},"end":{"line":22,"column":76}},"8":{"start":{"line":26,"column":24},"end":{"line":26,"column":59}},"9":{"start":{"line":28,"column":2},"end":{"line":35,"column":4}}},"fnMap":{"0":{"name":"useOracleHistory","decl":{"start":{"line":10,"column":16},"end":{"line":10,"column":32}},"loc":{"start":{"line":10,"column":50},"end":{"line":36,"column":1}},"line":10},"1":{"name":"(anonymous_1)","decl":{"start":{"line":15,"column":32},"end":{"line":15,"column":33}},"loc":{"start":{"line":15,"column":47},"end":{"line":18,"column":3}},"line":15},"2":{"name":"(anonymous_2)","decl":{"start":{"line":16,"column":21},"end":{"line":16,"column":25}},"loc":{"start":{"line":16,"column":29},"end":{"line":16,"column":70}},"line":16},"3":{"name":"(anonymous_3)","decl":{"start":{"line":21,"column":33},"end":{"line":21,"column":34}},"loc":{"start":{"line":21,"column":44},"end":{"line":23,"column":3}},"line":21}},"branchMap":{"0":{"loc":{"start":{"line":10,"column":33},"end":{"line":10,"column":48}},"type":"default-arg","locations":[{"start":{"line":10,"column":46},"end":{"line":10,"column":48}}],"line":10},"1":{"loc":{"start":{"line":26,"column":24},"end":{"line":26,"column":59}},"type":"binary-expr","locations":[{"start":{"line":26,"column":24},"end":{"line":26,"column":51}},{"start":{"line":26,"column":55},"end":{"line":26,"column":59}}],"line":26}},"s":{"0":45,"1":45,"2":45,"3":51,"4":51,"5":51,"6":45,"7":11,"8":45,"9":45},"f":{"0":45,"1":51,"2":51,"3":11},"b":{"0":[45],"1":[45,17]},"meta":{"lastBranch":2,"lastFunction":4,"lastStatement":10,"seen":{"f:10:16:10:32":0,"b:10:46:10:48":0,"s:11:43:11:56":0,"s:12:41:12:53":1,"s:15:19:18:18":2,"f:15:32:15:33":1,"s:16:4:16:72":3,"f:16:21:16:25":2,"s:16:29:16:70":4,"s:17:4:17:23":5,"s:21:20:23:28":6,"f:21:33:21:34":3,"s:22:4:22:76":7,"s:26:24:26:59":8,"b:26:24:26:51:26:55:26:59":1,"s:28:2:35:4":9}}}
,"C:\\Users\\rdan6\\star-dashborg\\src\\hooks\\useSwipeGesture.js": {"path":"C:\\Users\\rdan6\\star-dashborg\\src\\hooks\\useSwipeGesture.js","statementMap":{"0":{"start":{"line":14,"column":16},"end":{"line":14,"column":29}},"1":{"start":{"line":15,"column":16},"end":{"line":15,"column":29}},"2":{"start":{"line":16,"column":20},"end":{"line":16,"column":34}},"3":{"start":{"line":18,"column":27},"end":{"line":22,"column":8}},"4":{"start":{"line":19,"column":4},"end":{"line":19,"column":31}},"5":{"start":{"line":20,"column":4},"end":{"line":20,"column":31}},"6":{"start":{"line":21,"column":4},"end":{"line":21,"column":30}},"7":{"start":{"line":24,"column":27},"end":{"line":29,"column":8}},"8":{"start":{"line":25,"column":4},"end":{"line":25,"column":36}},"9":{"start":{"line":25,"column":29},"end":{"line":25,"column":36}},"10":{"start":{"line":28,"column":4},"end":{"line":28,"column":23}},"11":{"start":{"line":31,"column":25},"end":{"line":52,"column":44}},"12":{"start":{"line":32,"column":4},"end":{"line":32,"column":63}},"13":{"start":{"line":32,"column":56},"end":{"line":32,"column":63}},"14":{"start":{"line":34,"column":19},"end":{"line":34,"column":45}},"15":{"start":{"line":35,"column":19},"end":{"line":35,"column":45}},"16":{"start":{"line":38,"column":30},"end":{"line":38,"column":65}},"17":{"start":{"line":40,"column":4},"end":{"line":46,"column":5}},"18":{"start":{"line":41,"column":6},"end":{"line":45,"column":7}},"19":{"start":{"line":42,"column":8},"end":{"line":42,"column":23}},"20":{"start":{"line":43,"column":13},"end":{"line":45,"column":7}},"21":{"start":{"line":44,"column":8},"end":{"line":44,"column":22}},"22":{"start":{"line":49,"column":4},"end":{"line":49,"column":26}},"23":{"start":{"line":50,"column":4},"end":{"line":50,"column":26}},"24":{"start":{"line":51,"column":4},"end":{"line":51,"column":31}},"25":{"start":{"line":54,"column":29},"end":{"line":59,"column":8}},"26":{"start":{"line":56,"column":4},"end":{"line":56,"column":26}},"27":{"start":{"line":57,"column":4},"end":{"line":57,"column":26}},"28":{"start":{"line":58,"column":4},"end":{"line":58,"column":31}},"29":{"start":{"line":61,"column":2},"end":{"line":67,"column":4}}},"fnMap":{"0":{"name":"useSwipeGesture","decl":{"start":{"line":13,"column":16},"end":{"line":13,"column":31}},"loc":{"start":{"line":13,"column":79},"end":{"line":68,"column":1}},"line":13},"1":{"name":"(anonymous_1)","decl":{"start":{"line":18,"column":40},"end":{"line":18,"column":41}},"loc":{"start":{"line":18,"column":47},"end":{"line":22,"column":3}},"line":18},"2":{"name":"(anonymous_2)","decl":{"start":{"line":24,"column":40},"end":{"line":24,"column":41}},"loc":{"start":{"line":24,"column":47},"end":{"line":29,"column":3}},"line":24},"3":{"name":"(anonymous_3)","decl":{"start":{"line":31,"column":38},"end":{"line":31,"column":39}},"loc":{"start":{"line":31,"column":45},"end":{"line":52,"column":3}},"line":31},"4":{"name":"(anonymous_4)","decl":{"start":{"line":54,"column":42},"end":{"line":54,"column":43}},"loc":{"start":{"line":54,"column":48},"end":{"line":59,"column":3}},"line":54}},"branchMap":{"0":{"loc":{"start":{"line":13,"column":61},"end":{"line":13,"column":75}},"type":"default-arg","locations":[{"start":{"line":13,"column":73},"end":{"line":13,"column":75}}],"line":13},"1":{"loc":{"start":{"line":25,"column":4},"end":{"line":25,"column":36}},"type":"if","locations":[{"start":{"line":25,"column":4},"end":{"line":25,"column":36}},{"start":{},"end":{}}],"line":25},"2":{"loc":{"start":{"line":32,"column":4},"end":{"line":32,"column":63}},"type":"if","locations":[{"start":{"line":32,"column":4},"end":{"line":32,"column":63}},{"start":{},"end":{}}],"line":32},"3":{"loc":{"start":{"line":32,"column":8},"end":{"line":32,"column":54}},"type":"binary-expr","locations":[{"start":{"line":32,"column":8},"end":{"line":32,"column":27}},{"start":{"line":32,"column":31},"end":{"line":32,"column":54}}],"line":32},"4":{"loc":{"start":{"line":40,"column":4},"end":{"line":46,"column":5}},"type":"if","locations":[{"start":{"line":40,"column":4},"end":{"line":46,"column":5}},{"start":{},"end":{}}],"line":40},"5":{"loc":{"start":{"line":40,"column":8},"end":{"line":40,"column":58}},"type":"binary-expr","locations":[{"start":{"line":40,"column":8},"end":{"line":40,"column":25}},{"start":{"line":40,"column":29},"end":{"line":40,"column":58}}],"line":40},"6":{"loc":{"start":{"line":41,"column":6},"end":{"line":45,"column":7}},"type":"if","locations":[{"start":{"line":41,"column":6},"end":{"line":45,"column":7}},{"start":{"line":43,"column":13},"end":{"line":45,"column":7}}],"line":41},"7":{"loc":{"start":{"line":41,"column":10},"end":{"line":41,"column":36}},"type":"binary-expr","locations":[{"start":{"line":41,"column":10},"end":{"line":41,"column":20}},{"start":{"line":41,"column":24},"end":{"line":41,"column":36}}],"line":41},"8":{"loc":{"start":{"line":43,"column":13},"end":{"line":45,"column":7}},"type":"if","locations":[{"start":{"line":43,"column":13},"end":{"line":45,"column":7}},{"start":{},"end":{}}],"line":43},"9":{"loc":{"start":{"line":43,"column":17},"end":{"line":43,"column":42}},"type":"binary-expr","locations":[{"start":{"line":43,"column":17},"end":{"line":43,"column":27}},{"start":{"line":43,"column":31},"end":{"line":43,"column":42}}],"line":43}},"s":{"0":19,"1":19,"2":19,"3":19,"4":17,"5":17,"6":17,"7":19,"8":2,"9":1,"10":1,"11":19,"12":18,"13":3,"14":15,"15":15,"16":15,"17":15,"18":9,"19":6,"20":3,"21":2,"22":15,"23":15,"24":15,"25":19,"26":1,"27":1,"28":1,"29":19},"f":{"0":19,"1":17,"2":2,"3":18,"4":1},"b":{"0":[19],"1":[1,1],"2":[3,15],"3":[18,15],"4":[9,6],"5":[15,13],"6":[6,3],"7":[9,7],"8":[2,1],"9":[3,2]},"meta":{"lastBranch":10,"lastFunction":5,"lastStatement":30,"seen":{"f:13:16:13:31":0,"b:13:73:13:75":0,"s:14:16:14:29":0,"s:15:16:15:29":1,"s:16:20:16:34":2,"s:18:27:22:8":3,"f:18:40:18:41":1,"s:19:4:19:31":4,"s:20:4:20:31":5,"s:21:4:21:30":6,"s:24:27:29:8":7,"f:24:40:24:41":2,"b:25:4:25:36:undefined:undefined:undefined:undefined":1,"s:25:4:25:36":8,"s:25:29:25:36":9,"s:28:4:28:23":10,"s:31:25:52:44":11,"f:31:38:31:39":3,"b:32:4:32:63:undefined:undefined:undefined:undefined":2,"s:32:4:32:63":12,"b:32:8:32:27:32:31:32:54":3,"s:32:56:32:63":13,"s:34:19:34:45":14,"s:35:19:35:45":15,"s:38:30:38:65":16,"b:40:4:46:5:undefined:undefined:undefined:undefined":4,"s:40:4:46:5":17,"b:40:8:40:25:40:29:40:58":5,"b:41:6:45:7:43:13:45:7":6,"s:41:6:45:7":18,"b:41:10:41:20:41:24:41:36":7,"s:42:8:42:23":19,"b:43:13:45:7:undefined:undefined:undefined:undefined":8,"s:43:13:45:7":20,"b:43:17:43:27:43:31:43:42":9,"s:44:8:44:22":21,"s:49:4:49:26":22,"s:50:4:50:26":23,"s:51:4:51:31":24,"s:54:29:59:8":25,"f:54:42:54:43":4,"s:56:4:56:26":26,"s:57:4:57:26":27,"s:58:4:58:31":28,"s:61:2:67:4":29}}}
,"C:\\Users\\rdan6\\star-dashborg\\src\\lib\\keyboardUtils.js": {"path":"C:\\Users\\rdan6\\star-dashborg\\src\\lib\\keyboardUtils.js","statementMap":{"0":{"start":{"line":6,"column":24},"end":{"line":6,"column":46}},"1":{"start":{"line":8,"column":2},"end":{"line":8,"column":35}},"2":{"start":{"line":8,"column":22},"end":{"line":8,"column":35}},"3":{"start":{"line":10,"column":18},"end":{"line":10,"column":39}},"4":{"start":{"line":13,"column":2},"end":{"line":15,"column":3}},"5":{"start":{"line":14,"column":4},"end":{"line":14,"column":16}},"6":{"start":{"line":18,"column":2},"end":{"line":20,"column":3}},"7":{"start":{"line":19,"column":4},"end":{"line":19,"column":16}},"8":{"start":{"line":23,"column":2},"end":{"line":25,"column":3}},"9":{"start":{"line":24,"column":4},"end":{"line":24,"column":16}},"10":{"start":{"line":27,"column":2},"end":{"line":27,"column":15}}},"fnMap":{"0":{"name":"isUserTyping","decl":{"start":{"line":5,"column":16},"end":{"line":5,"column":28}},"loc":{"start":{"line":5,"column":31},"end":{"line":28,"column":1}},"line":5}},"branchMap":{"0":{"loc":{"start":{"line":8,"column":2},"end":{"line":8,"column":35}},"type":"if","locations":[{"start":{"line":8,"column":2},"end":{"line":8,"column":35}},{"start":{},"end":{}}],"line":8},"1":{"loc":{"start":{"line":13,"column":2},"end":{"line":15,"column":3}},"type":"if","locations":[{"start":{"line":13,"column":2},"end":{"line":15,"column":3}},{"start":{},"end":{}}],"line":13},"2":{"loc":{"start":{"line":13,"column":6},"end":{"line":13,"column":51}},"type":"binary-expr","locations":[{"start":{"line":13,"column":6},"end":{"line":13,"column":25}},{"start":{"line":13,"column":29},"end":{"line":13,"column":51}}],"line":13},"3":{"loc":{"start":{"line":18,"column":2},"end":{"line":20,"column":3}},"type":"if","locations":[{"start":{"line":18,"column":2},"end":{"line":20,"column":3}},{"start":{},"end":{}}],"line":18},"4":{"loc":{"start":{"line":23,"column":2},"end":{"line":25,"column":3}},"type":"if","locations":[{"start":{"line":23,"column":2},"end":{"line":25,"column":3}},{"start":{},"end":{}}],"line":23}},"s":{"0":12,"1":12,"2":0,"3":12,"4":12,"5":7,"6":5,"7":0,"8":5,"9":1,"10":4},"f":{"0":12},"b":{"0":[0,12],"1":[7,5],"2":[12,6],"3":[0,5],"4":[1,4]},"meta":{"lastBranch":5,"lastFunction":1,"lastStatement":11,"seen":{"f:5:16:5:28":0,"s:6:24:6:46":0,"b:8:2:8:35:undefined:undefined:undefined:undefined":0,"s:8:2:8:35":1,"s:8:22:8:35":2,"s:10:18:10:39":3,"b:13:2:15:3:undefined:undefined:undefined:undefined":1,"s:13:2:15:3":4,"b:13:6:13:25:13:29:13:51":2,"s:14:4:14:16":5,"b:18:2:20:3:undefined:undefined:undefined:undefined":3,"s:18:2:20:3":6,"s:19:4:19:16":7,"b:23:2:25:3:undefined:undefined:undefined:undefined":4,"s:23:2:25:3":8,"s:24:4:24:16":9,"s:27:2:27:15":10}}}
,"C:\\Users\\rdan6\\star-dashborg\\src\\utils\\dice.js": {"path":"C:\\Users\\rdan6\\star-dashborg\\src\\utils\\dice.js","statementMap":{"0":{"start":{"line":12,"column":2},"end":{"line":12,"column":47}},"1":{"start":{"line":22,"column":14},"end":{"line":22,"column":15}},"2":{"start":{"line":23,"column":2},"end":{"line":25,"column":3}},"3":{"start":{"line":23,"column":15},"end":{"line":23,"column":16}},"4":{"start":{"line":24,"column":4},"end":{"line":24,"column":26}},"5":{"start":{"line":26,"column":2},"end":{"line":26,"column":15}},"6":{"start":{"line":34,"column":2},"end":{"line":34,"column":24}},"7":{"start":{"line":45,"column":15},"end":{"line":45,"column":48}},"8":{"start":{"line":46,"column":2},"end":{"line":46,"column":27}},"9":{"start":{"line":56,"column":2},"end":{"line":56,"column":26}},"10":{"start":{"line":56,"column":16},"end":{"line":56,"column":26}},"11":{"start":{"line":57,"column":2},"end":{"line":57,"column":26}},"12":{"start":{"line":57,"column":16},"end":{"line":57,"column":26}},"13":{"start":{"line":58,"column":2},"end":{"line":58,"column":26}},"14":{"start":{"line":58,"column":16},"end":{"line":58,"column":26}},"15":{"start":{"line":59,"column":2},"end":{"line":59,"column":26}},"16":{"start":{"line":59,"column":17},"end":{"line":59,"column":26}},"17":{"start":{"line":60,"column":2},"end":{"line":60,"column":26}},"18":{"start":{"line":60,"column":17},"end":{"line":60,"column":26}},"19":{"start":{"line":61,"column":2},"end":{"line":61,"column":26}},"20":{"start":{"line":61,"column":17},"end":{"line":61,"column":26}},"21":{"start":{"line":62,"column":2},"end":{"line":62,"column":11}},"22":{"start":{"line":70,"column":14},"end":{"line":70,"column":23}},"23":{"start":{"line":71,"column":2},"end":{"line":71,"column":28}},"24":{"start":{"line":82,"column":14},"end":{"line":82,"column":54}},"25":{"start":{"line":83,"column":2},"end":{"line":83,"column":28}},"26":{"start":{"line":91,"column":2},"end":{"line":91,"column":19}},"27":{"start":{"line":99,"column":16},"end":{"line":99,"column":25}},"28":{"start":{"line":100,"column":16},"end":{"line":100,"column":25}},"29":{"start":{"line":101,"column":2},"end":{"line":101,"column":32}},"30":{"start":{"line":109,"column":16},"end":{"line":109,"column":25}},"31":{"start":{"line":110,"column":16},"end":{"line":110,"column":25}},"32":{"start":{"line":111,"column":2},"end":{"line":111,"column":32}},"33":{"start":{"line":125,"column":2},"end":{"line":131,"column":3}},"34":{"start":{"line":126,"column":4},"end":{"line":126,"column":31}},"35":{"start":{"line":127,"column":9},"end":{"line":131,"column":3}},"36":{"start":{"line":128,"column":4},"end":{"line":128,"column":34}},"37":{"start":{"line":130,"column":4},"end":{"line":130,"column":21}},"38":{"start":{"line":133,"column":16},"end":{"line":133,"column":35}},"39":{"start":{"line":134,"column":18},"end":{"line":134,"column":29}},"40":{"start":{"line":135,"column":15},"end":{"line":135,"column":26}},"41":{"start":{"line":136,"column":18},"end":{"line":136,"column":28}},"42":{"start":{"line":138,"column":2},"end":{"line":145,"column":4}},"43":{"start":{"line":156,"column":17},"end":{"line":156,"column":39}},"44":{"start":{"line":157,"column":23},"end":{"line":157,"column":24}},"45":{"start":{"line":159,"column":2},"end":{"line":161,"column":3}},"46":{"start":{"line":160,"column":4},"end":{"line":160,"column":56}},"47":{"start":{"line":163,"column":22},"end":{"line":163,"column":58}},"48":{"start":{"line":165,"column":2},"end":{"line":169,"column":4}},"49":{"start":{"line":178,"column":2},"end":{"line":178,"column":22}},"50":{"start":{"line":186,"column":2},"end":{"line":186,"column":23}},"51":{"start":{"line":196,"column":15},"end":{"line":196,"column":76}},"52":{"start":{"line":198,"column":2},"end":{"line":200,"column":3}},"53":{"start":{"line":199,"column":4},"end":{"line":199,"column":29}},"54":{"start":{"line":201,"column":2},"end":{"line":201,"column":41}},"55":{"start":{"line":210,"column":2},"end":{"line":210,"column":56}}},"fnMap":{"0":{"name":"rollD","decl":{"start":{"line":11,"column":16},"end":{"line":11,"column":21}},"loc":{"start":{"line":11,"column":29},"end":{"line":13,"column":1}},"line":11},"1":{"name":"rollDice","decl":{"start":{"line":21,"column":16},"end":{"line":21,"column":24}},"loc":{"start":{"line":21,"column":39},"end":{"line":27,"column":1}},"line":21},"2":{"name":"roll3d6","decl":{"start":{"line":33,"column":16},"end":{"line":33,"column":23}},"loc":{"start":{"line":33,"column":26},"end":{"line":35,"column":1}},"line":33},"3":{"name":"rollWithModifier","decl":{"start":{"line":44,"column":16},"end":{"line":44,"column":32}},"loc":{"start":{"line":44,"column":61},"end":{"line":47,"column":1}},"line":44},"4":{"name":"sumToModifier","decl":{"start":{"line":55,"column":16},"end":{"line":55,"column":29}},"loc":{"start":{"line":55,"column":35},"end":{"line":63,"column":1}},"line":55},"5":{"name":"rollStat","decl":{"start":{"line":69,"column":16},"end":{"line":69,"column":24}},"loc":{"start":{"line":69,"column":27},"end":{"line":72,"column":1}},"line":69},"6":{"name":"rollStatWithModifier","decl":{"start":{"line":81,"column":16},"end":{"line":81,"column":36}},"loc":{"start":{"line":81,"column":65},"end":{"line":84,"column":1}},"line":81},"7":{"name":"rollD20","decl":{"start":{"line":90,"column":16},"end":{"line":90,"column":23}},"loc":{"start":{"line":90,"column":26},"end":{"line":92,"column":1}},"line":90},"8":{"name":"rollWithAdvantage","decl":{"start":{"line":98,"column":16},"end":{"line":98,"column":33}},"loc":{"start":{"line":98,"column":36},"end":{"line":102,"column":1}},"line":98},"9":{"name":"rollWithDisadvantage","decl":{"start":{"line":108,"column":16},"end":{"line":108,"column":36}},"loc":{"start":{"line":108,"column":39},"end":{"line":112,"column":1}},"line":108},"10":{"name":"rollTest","decl":{"start":{"line":122,"column":16},"end":{"line":122,"column":24}},"loc":{"start":{"line":122,"column":84},"end":{"line":146,"column":1}},"line":122},"11":{"name":"rollDamage","decl":{"start":{"line":155,"column":16},"end":{"line":155,"column":26}},"loc":{"start":{"line":155,"column":55},"end":{"line":170,"column":1}},"line":155},"12":{"name":"rollTable","decl":{"start":{"line":177,"column":16},"end":{"line":177,"column":25}},"loc":{"start":{"line":177,"column":33},"end":{"line":179,"column":1}},"line":177},"13":{"name":"rollBits","decl":{"start":{"line":185,"column":16},"end":{"line":185,"column":24}},"loc":{"start":{"line":185,"column":27},"end":{"line":187,"column":1}},"line":185},"14":{"name":"rollHP","decl":{"start":{"line":195,"column":16},"end":{"line":195,"column":22}},"loc":{"start":{"line":195,"column":82},"end":{"line":202,"column":1}},"line":195},"15":{"name":"rollDestinyPoints","decl":{"start":{"line":209,"column":16},"end":{"line":209,"column":33}},"loc":{"start":{"line":209,"column":72},"end":{"line":211,"column":1}},"line":209}},"branchMap":{"0":{"loc":{"start":{"line":44,"column":47},"end":{"line":44,"column":59}},"type":"default-arg","locations":[{"start":{"line":44,"column":58},"end":{"line":44,"column":59}}],"line":44},"1":{"loc":{"start":{"line":56,"column":2},"end":{"line":56,"column":26}},"type":"if","locations":[{"start":{"line":56,"column":2},"end":{"line":56,"column":26}},{"start":{},"end":{}}],"line":56},"2":{"loc":{"start":{"line":57,"column":2},"end":{"line":57,"column":26}},"type":"if","locations":[{"start":{"line":57,"column":2},"end":{"line":57,"column":26}},{"start":{},"end":{}}],"line":57},"3":{"loc":{"start":{"line":58,"column":2},"end":{"line":58,"column":26}},"type":"if","locations":[{"start":{"line":58,"column":2},"end":{"line":58,"column":26}},{"start":{},"end":{}}],"line":58},"4":{"loc":{"start":{"line":59,"column":2},"end":{"line":59,"column":26}},"type":"if","locations":[{"start":{"line":59,"column":2},"end":{"line":59,"column":26}},{"start":{},"end":{}}],"line":59},"5":{"loc":{"start":{"line":60,"column":2},"end":{"line":60,"column":26}},"type":"if","locations":[{"start":{"line":60,"column":2},"end":{"line":60,"column":26}},{"start":{},"end":{}}],"line":60},"6":{"loc":{"start":{"line":61,"column":2},"end":{"line":61,"column":26}},"type":"if","locations":[{"start":{"line":61,"column":2},"end":{"line":61,"column":26}},{"start":{},"end":{}}],"line":61},"7":{"loc":{"start":{"line":81,"column":51},"end":{"line":81,"column":63}},"type":"default-arg","locations":[{"start":{"line":81,"column":62},"end":{"line":81,"column":63}}],"line":81},"8":{"loc":{"start":{"line":122,"column":43},"end":{"line":122,"column":60}},"type":"default-arg","locations":[{"start":{"line":122,"column":55},"end":{"line":122,"column":60}}],"line":122},"9":{"loc":{"start":{"line":122,"column":62},"end":{"line":122,"column":82}},"type":"default-arg","locations":[{"start":{"line":122,"column":77},"end":{"line":122,"column":82}}],"line":122},"10":{"loc":{"start":{"line":125,"column":2},"end":{"line":131,"column":3}},"type":"if","locations":[{"start":{"line":125,"column":2},"end":{"line":131,"column":3}},{"start":{"line":127,"column":9},"end":{"line":131,"column":3}}],"line":125},"11":{"loc":{"start":{"line":127,"column":9},"end":{"line":131,"column":3}},"type":"if","locations":[{"start":{"line":127,"column":9},"end":{"line":131,"column":3}},{"start":{"line":129,"column":9},"end":{"line":131,"column":3}}],"line":127},"12":{"loc":{"start":{"line":155,"column":41},"end":{"line":155,"column":53}},"type":"default-arg","locations":[{"start":{"line":155,"column":49},"end":{"line":155,"column":53}}],"line":155},"13":{"loc":{"start":{"line":159,"column":2},"end":{"line":161,"column":3}},"type":"if","locations":[{"start":{"line":159,"column":2},"end":{"line":161,"column":3}},{"start":{},"end":{}}],"line":159},"14":{"loc":{"start":{"line":159,"column":6},"end":{"line":159,"column":30}},"type":"binary-expr","locations":[{"start":{"line":159,"column":6},"end":{"line":159,"column":11}},{"start":{"line":159,"column":15},"end":{"line":159,"column":30}}],"line":159},"15":{"loc":{"start":{"line":195,"column":36},"end":{"line":195,"column":80}},"type":"default-arg","locations":[{"start":{"line":195,"column":45},"end":{"line":195,"column":80}}],"line":195},"16":{"loc":{"start":{"line":198,"column":2},"end":{"line":200,"column":3}},"type":"if","locations":[{"start":{"line":198,"column":2},"end":{"line":200,"column":3}},{"start":{},"end":{}}],"line":198},"17":{"loc":{"start":{"line":209,"column":34},"end":{"line":209,"column":70}},"type":"default-arg","locations":[{"start":{"line":209,"column":48},"end":{"line":209,"column":70}}],"line":209}},"s":{"0":47,"1":18,"2":18,"3":18,"4":24,"5":18,"6":1,"7":7,"8":7,"9":19,"10":4,"11":15,"12":2,"13":13,"14":2,"15":11,"16":4,"17":7,"18":2,"19":5,"20":2,"21":3,"22":0,"23":0,"24":0,"25":0,"26":12,"27":2,"28":2,"29":2,"30":2,"31":2,"32":2,"33":6,"34":1,"35":5,"36":1,"37":4,"38":6,"39":6,"40":6,"41":6,"42":6,"43":3,"44":3,"45":3,"46":2,"47":3,"48":3,"49":2,"50":4,"51":4,"52":4,"53":1,"54":3,"55":3},"f":{"0":47,"1":18,"2":1,"3":7,"4":19,"5":0,"6":0,"7":12,"8":2,"9":2,"10":6,"11":3,"12":2,"13":4,"14":4,"15":3},"b":{"0":[7],"1":[4,15],"2":[2,13],"3":[2,11],"4":[4,7],"5":[2,5],"6":[2,3],"7":[0],"8":[6],"9":[6],"10":[1,5],"11":[1,4],"12":[3],"13":[2,1],"14":[3,2],"15":[4],"16":[1,3],"17":[3]},"meta":{"lastBranch":18,"lastFunction":16,"lastStatement":56,"seen":{"f:11:16:11:21":0,"s:12:2:12:47":0,"f:21:16:21:24":1,"s:22:14:22:15":1,"s:23:2:25:3":2,"s:23:15:23:16":3,"s:24:4:24:26":4,"s:26:2:26:15":5,"f:33:16:33:23":2,"s:34:2:34:24":6,"f:44:16:44:32":3,"b:44:58:44:59":0,"s:45:15:45:48":7,"s:46:2:46:27":8,"f:55:16:55:29":4,"b:56:2:56:26:undefined:undefined:undefined:undefined":1,"s:56:2:56:26":9,"s:56:16:56:26":10,"b:57:2:57:26:undefined:undefined:undefined:undefined":2,"s:57:2:57:26":11,"s:57:16:57:26":12,"b:58:2:58:26:undefined:undefined:undefined:undefined":3,"s:58:2:58:26":13,"s:58:16:58:26":14,"b:59:2:59:26:undefined:undefined:undefined:undefined":4,"s:59:2:59:26":15,"s:59:17:59:26":16,"b:60:2:60:26:undefined:undefined:undefined:undefined":5,"s:60:2:60:26":17,"s:60:17:60:26":18,"b:61:2:61:26:undefined:undefined:undefined:undefined":6,"s:61:2:61:26":19,"s:61:17:61:26":20,"s:62:2:62:11":21,"f:69:16:69:24":5,"s:70:14:70:23":22,"s:71:2:71:28":23,"f:81:16:81:36":6,"b:81:62:81:63":7,"s:82:14:82:54":24,"s:83:2:83:28":25,"f:90:16:90:23":7,"s:91:2:91:19":26,"f:98:16:98:33":8,"s:99:16:99:25":27,"s:100:16:100:25":28,"s:101:2:101:32":29,"f:108:16:108:36":9,"s:109:16:109:25":30,"s:110:16:110:25":31,"s:111:2:111:32":32,"f:122:16:122:24":10,"b:122:55:122:60":8,"b:122:77:122:82":9,"b:125:2:131:3:127:9:131:3":10,"s:125:2:131:3":33,"s:126:4:126:31":34,"b:127:9:131:3:129:9:131:3":11,"s:127:9:131:3":35,"s:128:4:128:34":36,"s:130:4:130:21":37,"s:133:16:133:35":38,"s:134:18:134:29":39,"s:135:15:135:26":40,"s:136:18:136:28":41,"s:138:2:145:4":42,"f:155:16:155:26":11,"b:155:49:155:53":12,"s:156:17:156:39":43,"s:157:23:157:24":44,"b:159:2:161:3:undefined:undefined:undefined:undefined":13,"s:159:2:161:3":45,"b:159:6:159:11:159:15:159:30":14,"s:160:4:160:56":46,"s:163:22:163:58":47,"s:165:2:169:4":48,"f:177:16:177:25":12,"s:178:2:178:22":49,"f:185:16:185:24":13,"s:186:2:186:23":50,"f:195:16:195:22":14,"b:195:45:195:80":15,"s:196:15:196:76":51,"b:198:2:200:3:undefined:undefined:undefined:undefined":16,"s:198:2:200:3":52,"s:199:4:199:29":53,"s:201:2:201:41":54,"f:209:16:209:33":15,"b:209:48:209:70":17,"s:210:2:210:56":55}}}
}
